{"meta": {"format": 3, "version": "7.8.0", "timestamp": "2025-06-06T22:08:37.032131", "branch_coverage": false, "show_contexts": false}, "files": {"src\\refinire\\__init__.py": {"executed_lines": [1, 6, 10, 11, 12, 13], "summary": {"covered_lines": 5, "num_statements": 14, "percent_covered": 35.714285714285715, "percent_covered_display": "36", "missing_lines": 9, "excluded_lines": 0}, "missing_lines": [14, 15, 22, 29, 33, 34, 37, 41, 43], "excluded_lines": [], "functions": {"": {"executed_lines": [1, 6, 10, 11, 12, 13], "summary": {"covered_lines": 5, "num_statements": 14, "percent_covered": 35.714285714285715, "percent_covered_display": "36", "missing_lines": 9, "excluded_lines": 0}, "missing_lines": [14, 15, 22, 29, 33, 34, 37, 41, 43], "excluded_lines": []}}, "classes": {"": {"executed_lines": [1, 6, 10, 11, 12, 13], "summary": {"covered_lines": 5, "num_statements": 14, "percent_covered": 35.714285714285715, "percent_covered_display": "36", "missing_lines": 9, "excluded_lines": 0}, "missing_lines": [14, 15, 22, 29, 33, 34, 37, 41, 43], "excluded_lines": []}}}, "src\\refinire\\anthropic.py": {"executed_lines": [1, 5, 6, 7, 8, 11, 12, 17, 77], "summary": {"covered_lines": 7, "num_statements": 24, "percent_covered": 29.166666666666668, "percent_covered_display": "29", "missing_lines": 17, "excluded_lines": 0}, "missing_lines": [45, 46, 49, 50, 51, 52, 56, 60, 64, 65, 66, 70, 79, 83, 84, 88, 90], "excluded_lines": [], "functions": {"ClaudeModel.__init__": {"executed_lines": [], "summary": {"covered_lines": 0, "num_statements": 12, "percent_covered": 0.0, "percent_covered_display": "0", "missing_lines": 12, "excluded_lines": 0}, "missing_lines": [45, 46, 49, 50, 51, 52, 56, 60, 64, 65, 66, 70], "excluded_lines": []}, "ClaudeModel._create_chat_completion": {"executed_lines": [], "summary": {"covered_lines": 0, "num_statements": 5, "percent_covered": 0.0, "percent_covered_display": "0", "missing_lines": 5, "excluded_lines": 0}, "missing_lines": [79, 83, 84, 88, 90], "excluded_lines": []}, "": {"executed_lines": [1, 5, 6, 7, 8, 11, 12, 17, 77], "summary": {"covered_lines": 7, "num_statements": 7, "percent_covered": 100.0, "percent_covered_display": "100", "missing_lines": 0, "excluded_lines": 0}, "missing_lines": [], "excluded_lines": []}}, "classes": {"ClaudeModel": {"executed_lines": [], "summary": {"covered_lines": 0, "num_statements": 17, "percent_covered": 0.0, "percent_covered_display": "0", "missing_lines": 17, "excluded_lines": 0}, "missing_lines": [45, 46, 49, 50, 51, 52, 56, 60, 64, 65, 66, 70, 79, 83, 84, 88, 90], "excluded_lines": []}, "": {"executed_lines": [1, 5, 6, 7, 8, 11, 12, 17, 77], "summary": {"covered_lines": 7, "num_statements": 7, "percent_covered": 100.0, "percent_covered_display": "100", "missing_lines": 0, "excluded_lines": 0}, "missing_lines": [], "excluded_lines": []}}}, "src\\refinire\\gemini.py": {"executed_lines": [1, 5, 6, 7, 8, 11, 12, 17, 68], "summary": {"covered_lines": 7, "num_statements": 20, "percent_covered": 35.0, "percent_covered_display": "35", "missing_lines": 13, "excluded_lines": 0}, "missing_lines": [41, 42, 45, 46, 47, 48, 52, 56, 57, 61, 70, 71, 72], "excluded_lines": [], "functions": {"GeminiModel.__init__": {"executed_lines": [], "summary": {"covered_lines": 0, "num_statements": 10, "percent_covered": 0.0, "percent_covered_display": "0", "missing_lines": 10, "excluded_lines": 0}, "missing_lines": [41, 42, 45, 46, 47, 48, 52, 56, 57, 61], "excluded_lines": []}, "GeminiModel._create_chat_completion": {"executed_lines": [], "summary": {"covered_lines": 0, "num_statements": 3, "percent_covered": 0.0, "percent_covered_display": "0", "missing_lines": 3, "excluded_lines": 0}, "missing_lines": [70, 71, 72], "excluded_lines": []}, "": {"executed_lines": [1, 5, 6, 7, 8, 11, 12, 17, 68], "summary": {"covered_lines": 7, "num_statements": 7, "percent_covered": 100.0, "percent_covered_display": "100", "missing_lines": 0, "excluded_lines": 0}, "missing_lines": [], "excluded_lines": []}}, "classes": {"GeminiModel": {"executed_lines": [], "summary": {"covered_lines": 0, "num_statements": 13, "percent_covered": 0.0, "percent_covered_display": "0", "missing_lines": 13, "excluded_lines": 0}, "missing_lines": [41, 42, 45, 46, 47, 48, 52, 56, 57, 61, 70, 71, 72], "excluded_lines": []}, "": {"executed_lines": [1, 5, 6, 7, 8, 11, 12, 17, 68], "summary": {"covered_lines": 7, "num_statements": 7, "percent_covered": 100.0, "percent_covered_display": "100", "missing_lines": 0, "excluded_lines": 0}, "missing_lines": [], "excluded_lines": []}}}, "src\\refinire\\llm.py": {"executed_lines": [1, 2, 3, 4, 7, 8, 11, 12, 14, 15, 16, 19, 21, 23, 181, 276], "summary": {"covered_lines": 16, "num_statements": 101, "percent_covered": 15.841584158415841, "percent_covered_display": "16", "missing_lines": 85, "excluded_lines": 0}, "missing_lines": [72, 73, 75, 76, 77, 78, 79, 80, 81, 82, 83, 85, 87, 88, 90, 93, 97, 98, 102, 103, 106, 107, 111, 123, 126, 127, 131, 135, 139, 143, 144, 145, 146, 148, 149, 155, 156, 157, 158, 159, 166, 167, 168, 169, 171, 172, 179, 210, 212, 213, 216, 223, 226, 230, 233, 237, 240, 241, 243, 246, 247, 248, 252, 253, 254, 255, 256, 257, 259, 261, 264, 265, 266, 269, 270, 272, 274, 299, 302, 305, 306, 307, 308, 309, 312], "excluded_lines": [], "functions": {"get_llm": {"executed_lines": [], "summary": {"covered_lines": 0, "num_statements": 38, "percent_covered": 0.0, "percent_covered_display": "0", "missing_lines": 38, "excluded_lines": 0}, "missing_lines": [72, 73, 75, 87, 88, 90, 93, 97, 98, 102, 103, 106, 107, 111, 123, 126, 127, 131, 135, 139, 143, 144, 145, 146, 148, 149, 155, 156, 157, 158, 159, 166, 167, 168, 169, 171, 172, 179], "excluded_lines": []}, "get_llm.get_provider_canditate": {"executed_lines": [], "summary": {"covered_lines": 0, "num_statements": 9, "percent_covered": 0.0, "percent_covered_display": "0", "missing_lines": 9, "excluded_lines": 0}, "missing_lines": [76, 77, 78, 79, 80, 81, 82, 83, 85], "excluded_lines": []}, "get_available_models_async": {"executed_lines": [], "summary": {"covered_lines": 0, "num_statements": 30, "percent_covered": 0.0, "percent_covered_display": "0", "missing_lines": 30, "excluded_lines": 0}, "missing_lines": [210, 212, 213, 216, 223, 226, 230, 233, 237, 240, 241, 243, 246, 247, 248, 252, 253, 254, 255, 256, 257, 259, 261, 264, 265, 266, 269, 270, 272, 274], "excluded_lines": []}, "get_available_models": {"executed_lines": [], "summary": {"covered_lines": 0, "num_statements": 8, "percent_covered": 0.0, "percent_covered_display": "0", "missing_lines": 8, "excluded_lines": 0}, "missing_lines": [299, 302, 305, 306, 307, 308, 309, 312], "excluded_lines": []}, "": {"executed_lines": [1, 2, 3, 4, 7, 8, 11, 12, 14, 15, 16, 19, 21, 23, 181, 276], "summary": {"covered_lines": 16, "num_statements": 16, "percent_covered": 100.0, "percent_covered_display": "100", "missing_lines": 0, "excluded_lines": 0}, "missing_lines": [], "excluded_lines": []}}, "classes": {"": {"executed_lines": [1, 2, 3, 4, 7, 8, 11, 12, 14, 15, 16, 19, 21, 23, 181, 276], "summary": {"covered_lines": 16, "num_statements": 101, "percent_covered": 15.841584158415841, "percent_covered_display": "16", "missing_lines": 85, "excluded_lines": 0}, "missing_lines": [72, 73, 75, 76, 77, 78, 79, 80, 81, 82, 83, 85, 87, 88, 90, 93, 97, 98, 102, 103, 106, 107, 111, 123, 126, 127, 131, 135, 139, 143, 144, 145, 146, 148, 149, 155, 156, 157, 158, 159, 166, 167, 168, 169, 171, 172, 179, 210, 212, 213, 216, 223, 226, 230, 233, 237, 240, 241, 243, 246, 247, 248, 252, 253, 254, 255, 256, 257, 259, 261, 264, 265, 266, 269, 270, 272, 274, 299, 302, 305, 306, 307, 308, 309, 312], "excluded_lines": []}}}, "src\\refinire\\ollama.py": {"executed_lines": [1, 5, 6, 7, 8, 10, 11, 16, 67], "summary": {"covered_lines": 7, "num_statements": 20, "percent_covered": 35.0, "percent_covered_display": "35", "missing_lines": 13, "excluded_lines": 0}, "missing_lines": [38, 39, 41, 42, 43, 47, 51, 55, 56, 60, 69, 70, 71], "excluded_lines": [], "functions": {"OllamaModel.__init__": {"executed_lines": [], "summary": {"covered_lines": 0, "num_statements": 10, "percent_covered": 0.0, "percent_covered_display": "0", "missing_lines": 10, "excluded_lines": 0}, "missing_lines": [38, 39, 41, 42, 43, 47, 51, 55, 56, 60], "excluded_lines": []}, "OllamaModel._create_chat_completion": {"executed_lines": [], "summary": {"covered_lines": 0, "num_statements": 3, "percent_covered": 0.0, "percent_covered_display": "0", "missing_lines": 3, "excluded_lines": 0}, "missing_lines": [69, 70, 71], "excluded_lines": []}, "": {"executed_lines": [1, 5, 6, 7, 8, 10, 11, 16, 67], "summary": {"covered_lines": 7, "num_statements": 7, "percent_covered": 100.0, "percent_covered_display": "100", "missing_lines": 0, "excluded_lines": 0}, "missing_lines": [], "excluded_lines": []}}, "classes": {"OllamaModel": {"executed_lines": [], "summary": {"covered_lines": 0, "num_statements": 13, "percent_covered": 0.0, "percent_covered_display": "0", "missing_lines": 13, "excluded_lines": 0}, "missing_lines": [38, 39, 41, 42, 43, 47, 51, 55, 56, 60, 69, 70, 71], "excluded_lines": []}, "": {"executed_lines": [1, 5, 6, 7, 8, 10, 11, 16, 67], "summary": {"covered_lines": 7, "num_statements": 7, "percent_covered": 100.0, "percent_covered_display": "100", "missing_lines": 0, "excluded_lines": 0}, "missing_lines": [], "excluded_lines": []}}}, "src\\refinire\\tracing.py": {"executed_lines": [1, 7, 8, 9, 10], "summary": {"covered_lines": 4, "num_statements": 71, "percent_covered": 5.633802816901408, "percent_covered_display": "6", "missing_lines": 67, "excluded_lines": 0}, "missing_lines": [11, 14, 19, 22, 27, 28, 29, 30, 31, 32, 33, 34, 35, 36, 37, 39, 40, 41, 42, 43, 44, 45, 46, 49, 54, 57, 59, 61, 63, 65, 67, 69, 71, 73, 74, 75, 76, 77, 78, 79, 80, 81, 82, 83, 84, 87, 89, 90, 91, 92, 93, 94, 95, 96, 97, 98, 107, 109, 111, 113, 114, 117, 123, 125, 128, 133, 137], "excluded_lines": [], "functions": {"_merge_msgs": {"executed_lines": [], "summary": {"covered_lines": 0, "num_statements": 1, "percent_covered": 0.0, "percent_covered_display": "0", "missing_lines": 1, "excluded_lines": 0}, "missing_lines": [19], "excluded_lines": []}, "extract_output_texts": {"executed_lines": [], "summary": {"covered_lines": 0, "num_statements": 19, "percent_covered": 0.0, "percent_covered_display": "0", "missing_lines": 19, "excluded_lines": 0}, "missing_lines": [27, 28, 29, 30, 31, 32, 33, 34, 35, 36, 37, 39, 40, 41, 42, 43, 44, 45, 46], "excluded_lines": []}, "ConsoleTracingProcessor.__init__": {"executed_lines": [], "summary": {"covered_lines": 0, "num_statements": 1, "percent_covered": 0.0, "percent_covered_display": "0", "missing_lines": 1, "excluded_lines": 0}, "missing_lines": [57], "excluded_lines": []}, "ConsoleTracingProcessor.on_trace_start": {"executed_lines": [], "summary": {"covered_lines": 0, "num_statements": 1, "percent_covered": 0.0, "percent_covered_display": "0", "missing_lines": 1, "excluded_lines": 0}, "missing_lines": [61], "excluded_lines": []}, "ConsoleTracingProcessor.on_trace_end": {"executed_lines": [], "summary": {"covered_lines": 0, "num_statements": 1, "percent_covered": 0.0, "percent_covered_display": "0", "missing_lines": 1, "excluded_lines": 0}, "missing_lines": [65], "excluded_lines": []}, "ConsoleTracingProcessor.on_span_start": {"executed_lines": [], "summary": {"covered_lines": 0, "num_statements": 1, "percent_covered": 0.0, "percent_covered_display": "0", "missing_lines": 1, "excluded_lines": 0}, "missing_lines": [69], "excluded_lines": []}, "ConsoleTracingProcessor.on_span_end": {"executed_lines": [], "summary": {"covered_lines": 0, "num_statements": 23, "percent_covered": 0.0, "percent_covered_display": "0", "missing_lines": 23, "excluded_lines": 0}, "missing_lines": [73, 74, 75, 76, 77, 78, 79, 80, 81, 82, 83, 84, 87, 89, 90, 91, 92, 93, 94, 95, 96, 97, 98], "excluded_lines": []}, "ConsoleTracingProcessor.shutdown": {"executed_lines": [], "summary": {"covered_lines": 0, "num_statements": 1, "percent_covered": 0.0, "percent_covered_display": "0", "missing_lines": 1, "excluded_lines": 0}, "missing_lines": [109], "excluded_lines": []}, "ConsoleTracingProcessor.force_flush": {"executed_lines": [], "summary": {"covered_lines": 0, "num_statements": 2, "percent_covered": 0.0, "percent_covered_display": "0", "missing_lines": 2, "excluded_lines": 0}, "missing_lines": [113, 114], "excluded_lines": []}, "enable_console_tracing": {"executed_lines": [], "summary": {"covered_lines": 0, "num_statements": 2, "percent_covered": 0.0, "percent_covered_display": "0", "missing_lines": 2, "excluded_lines": 0}, "missing_lines": [123, 125], "excluded_lines": []}, "disable_tracing": {"executed_lines": [], "summary": {"covered_lines": 0, "num_statements": 1, "percent_covered": 0.0, "percent_covered_display": "0", "missing_lines": 1, "excluded_lines": 0}, "missing_lines": [133], "excluded_lines": []}, "": {"executed_lines": [1, 7, 8, 9, 10], "summary": {"covered_lines": 4, "num_statements": 18, "percent_covered": 22.22222222222222, "percent_covered_display": "22", "missing_lines": 14, "excluded_lines": 0}, "missing_lines": [11, 14, 22, 49, 54, 59, 63, 67, 71, 107, 111, 117, 128, 137], "excluded_lines": []}}, "classes": {"ConsoleTracingProcessor": {"executed_lines": [], "summary": {"covered_lines": 0, "num_statements": 30, "percent_covered": 0.0, "percent_covered_display": "0", "missing_lines": 30, "excluded_lines": 0}, "missing_lines": [57, 61, 65, 69, 73, 74, 75, 76, 77, 78, 79, 80, 81, 82, 83, 84, 87, 89, 90, 91, 92, 93, 94, 95, 96, 97, 98, 109, 113, 114], "excluded_lines": []}, "": {"executed_lines": [1, 7, 8, 9, 10], "summary": {"covered_lines": 4, "num_statements": 41, "percent_covered": 9.75609756097561, "percent_covered_display": "10", "missing_lines": 37, "excluded_lines": 0}, "missing_lines": [11, 14, 19, 22, 27, 28, 29, 30, 31, 32, 33, 34, 35, 36, 37, 39, 40, 41, 42, 43, 44, 45, 46, 49, 54, 59, 63, 67, 71, 107, 111, 117, 123, 125, 128, 133, 137], "excluded_lines": []}}}}, "totals": {"covered_lines": 46, "num_statements": 250, "percent_covered": 18.4, "percent_covered_display": "18", "missing_lines": 204, "excluded_lines": 0}}