{"meta": {"format": 3, "version": "7.8.0", "timestamp": "2025-06-06T22:20:55.962075", "branch_coverage": false, "show_contexts": false}, "files": {"src\\refinire\\__init__.py": {"executed_lines": [1, 6, 10, 11, 12, 13, 14, 15, 16, 23, 30, 31, 35, 36, 39, 43, 45], "summary": {"covered_lines": 16, "num_statements": 16, "percent_covered": 100.0, "percent_covered_display": "100", "missing_lines": 0, "excluded_lines": 0}, "missing_lines": [], "excluded_lines": [], "functions": {"": {"executed_lines": [1, 6, 10, 11, 12, 13, 14, 15, 16, 23, 30, 31, 35, 36, 39, 43, 45], "summary": {"covered_lines": 16, "num_statements": 16, "percent_covered": 100.0, "percent_covered_display": "100", "missing_lines": 0, "excluded_lines": 0}, "missing_lines": [], "excluded_lines": []}}, "classes": {"": {"executed_lines": [1, 6, 10, 11, 12, 13, 14, 15, 16, 23, 30, 31, 35, 36, 39, 43, 45], "summary": {"covered_lines": 16, "num_statements": 16, "percent_covered": 100.0, "percent_covered_display": "100", "missing_lines": 0, "excluded_lines": 0}, "missing_lines": [], "excluded_lines": []}}}, "src\\refinire\\agents\\__init__.py": {"executed_lines": [1, 19, 21, 26, 36, 52, 62, 68, 85, 104, 124, 127], "summary": {"covered_lines": 11, "num_statements": 12, "percent_covered": 91.66666666666667, "percent_covered_display": "92", "missing_lines": 1, "excluded_lines": 0}, "missing_lines": [23], "excluded_lines": [], "functions": {"": {"executed_lines": [1, 19, 21, 26, 36, 52, 62, 68, 85, 104, 124, 127], "summary": {"covered_lines": 11, "num_statements": 12, "percent_covered": 91.66666666666667, "percent_covered_display": "92", "missing_lines": 1, "excluded_lines": 0}, "missing_lines": [23], "excluded_lines": []}}, "classes": {"": {"executed_lines": [1, 19, 21, 26, 36, 52, 62, 68, 85, 104, 124, 127], "summary": {"covered_lines": 11, "num_statements": 12, "percent_covered": 91.66666666666667, "percent_covered_display": "92", "missing_lines": 1, "excluded_lines": 0}, "missing_lines": [23], "excluded_lines": []}}}, "src\\refinire\\agents\\clarify_agent.py": {"executed_lines": [1, 3, 9, 10, 11, 12, 14, 15, 16, 20, 21, 27, 30, 31, 38, 41, 42, 50, 53, 54, 62, 65, 66, 67, 76, 77, 78, 80, 88, 91, 92, 104, 138, 139, 143, 146, 150, 154, 161, 172, 174, 179, 194, 208, 209, 210, 212, 214, 228, 243, 259, 260, 261, 264, 265, 266, 273, 290, 292, 306, 320, 353, 360, 367, 368, 378, 379, 387, 389, 390, 400, 401, 411, 412, 420, 422, 423, 431, 433, 444, 445, 446, 456, 457, 458, 459, 462, 463, 473, 531, 535, 536, 537, 541, 564, 578, 580, 583, 585, 588, 589, 598, 602, 609, 613, 622, 631, 634, 635, 639, 640, 644, 645, 650, 651, 652, 653, 655, 656, 660, 661, 665, 672, 675, 676, 680, 686, 687, 691, 693, 695, 703, 705, 713, 715, 720, 722, 730, 732, 733, 741, 743, 744, 752, 754, 755, 757, 758, 761, 786, 796, 829], "summary": {"covered_lines": 145, "num_statements": 174, "percent_covered": 83.33333333333333, "percent_covered_display": "83", "missing_lines": 29, "excluded_lines": 0}, "missing_lines": [22, 23, 173, 175, 225, 241, 267, 268, 269, 270, 271, 303, 304, 317, 318, 331, 334, 338, 339, 347, 358, 365, 376, 398, 409, 441, 605, 666, 667], "excluded_lines": [], "functions": {"ClarificationQuestion.__str__": {"executed_lines": [88], "summary": {"covered_lines": 1, "num_statements": 1, "percent_covered": 100.0, "percent_covered_display": "100", "missing_lines": 0, "excluded_lines": 0}, "missing_lines": [], "excluded_lines": []}, "ClarifyPipeline.__init__": {"executed_lines": [138, 139, 143, 146, 150, 154, 161, 172, 174, 179], "summary": {"covered_lines": 10, "num_statements": 12, "percent_covered": 83.33333333333333, "percent_covered_display": "83", "missing_lines": 2, "excluded_lines": 0}, "missing_lines": [173, 175], "excluded_lines": []}, "ClarifyPipeline._create_wrapped_model": {"executed_lines": [208, 209, 210, 212], "summary": {"covered_lines": 4, "num_statements": 4, "percent_covered": 100.0, "percent_covered_display": "100", "missing_lines": 0, "excluded_lines": 0}, "missing_lines": [], "excluded_lines": []}, "ClarifyPipeline._is_clarification_complete": {"executed_lines": [], "summary": {"covered_lines": 0, "num_statements": 1, "percent_covered": 0.0, "percent_covered_display": "0", "missing_lines": 1, "excluded_lines": 0}, "missing_lines": [225], "excluded_lines": []}, "ClarifyPipeline._format_clarification_question": {"executed_lines": [], "summary": {"covered_lines": 0, "num_statements": 1, "percent_covered": 0.0, "percent_covered_display": "0", "missing_lines": 1, "excluded_lines": 0}, "missing_lines": [241], "excluded_lines": []}, "ClarifyPipeline._build_clarification_instructions": {"executed_lines": [259, 260, 261, 264, 265, 266, 273, 290], "summary": {"covered_lines": 8, "num_statements": 13, "percent_covered": 61.53846153846154, "percent_covered_display": "62", "missing_lines": 5, "excluded_lines": 0}, "missing_lines": [267, 268, 269, 270, 271], "excluded_lines": []}, "ClarifyPipeline.run": {"executed_lines": [], "summary": {"covered_lines": 0, "num_statements": 2, "percent_covered": 0.0, "percent_covered_display": "0", "missing_lines": 2, "excluded_lines": 0}, "missing_lines": [303, 304], "excluded_lines": []}, "ClarifyPipeline.continue_clarification": {"executed_lines": [], "summary": {"covered_lines": 0, "num_statements": 2, "percent_covered": 0.0, "percent_covered_display": "0", "missing_lines": 2, "excluded_lines": 0}, "missing_lines": [317, 318], "excluded_lines": []}, "ClarifyPipeline._convert_interaction_result": {"executed_lines": [], "summary": {"covered_lines": 0, "num_statements": 5, "percent_covered": 0.0, "percent_covered_display": "0", "missing_lines": 5, "excluded_lines": 0}, "missing_lines": [331, 334, 338, 339, 347], "excluded_lines": []}, "ClarifyPipeline.reset_turns": {"executed_lines": [], "summary": {"covered_lines": 0, "num_statements": 1, "percent_covered": 0.0, "percent_covered_display": "0", "missing_lines": 1, "excluded_lines": 0}, "missing_lines": [358], "excluded_lines": []}, "ClarifyPipeline.reset_session": {"executed_lines": [], "summary": {"covered_lines": 0, "num_statements": 1, "percent_covered": 0.0, "percent_covered_display": "0", "missing_lines": 1, "excluded_lines": 0}, "missing_lines": [365], "excluded_lines": []}, "ClarifyPipeline.is_complete": {"executed_lines": [], "summary": {"covered_lines": 0, "num_statements": 1, "percent_covered": 0.0, "percent_covered_display": "0", "missing_lines": 1, "excluded_lines": 0}, "missing_lines": [376], "excluded_lines": []}, "ClarifyPipeline.conversation_history": {"executed_lines": [387], "summary": {"covered_lines": 1, "num_statements": 1, "percent_covered": 100.0, "percent_covered_display": "100", "missing_lines": 0, "excluded_lines": 0}, "missing_lines": [], "excluded_lines": []}, "ClarifyPipeline.current_turn": {"executed_lines": [], "summary": {"covered_lines": 0, "num_statements": 1, "percent_covered": 0.0, "percent_covered_display": "0", "missing_lines": 1, "excluded_lines": 0}, "missing_lines": [398], "excluded_lines": []}, "ClarifyPipeline.remaining_turns": {"executed_lines": [], "summary": {"covered_lines": 0, "num_statements": 1, "percent_covered": 0.0, "percent_covered_display": "0", "missing_lines": 1, "excluded_lines": 0}, "missing_lines": [409], "excluded_lines": []}, "ClarifyPipeline.threshold": {"executed_lines": [420], "summary": {"covered_lines": 1, "num_statements": 1, "percent_covered": 100.0, "percent_covered_display": "100", "missing_lines": 0, "excluded_lines": 0}, "missing_lines": [], "excluded_lines": []}, "ClarifyPipeline.retries": {"executed_lines": [431], "summary": {"covered_lines": 1, "num_statements": 1, "percent_covered": 100.0, "percent_covered_display": "100", "missing_lines": 0, "excluded_lines": 0}, "missing_lines": [], "excluded_lines": []}, "ClarifyPipeline.get_session_history": {"executed_lines": [], "summary": {"covered_lines": 0, "num_statements": 1, "percent_covered": 0.0, "percent_covered_display": "0", "missing_lines": 1, "excluded_lines": 0}, "missing_lines": [441], "excluded_lines": []}, "ClarifyAgent.__init__": {"executed_lines": [531, 535, 536, 537, 541], "summary": {"covered_lines": 5, "num_statements": 5, "percent_covered": 100.0, "percent_covered_display": "100", "missing_lines": 0, "excluded_lines": 0}, "missing_lines": [], "excluded_lines": []}, "ClarifyAgent.run": {"executed_lines": [578, 580, 583, 585, 588, 589, 598, 602, 609, 613, 622, 631, 634, 635, 639, 640, 644, 645, 650, 651, 652, 653, 655, 656, 660, 661, 665, 672, 675, 676, 680, 686, 687, 691, 693], "summary": {"covered_lines": 35, "num_statements": 38, "percent_covered": 92.10526315789474, "percent_covered_display": "92", "missing_lines": 3, "excluded_lines": 0}, "missing_lines": [605, 666, 667], "excluded_lines": []}, "ClarifyAgent.get_conversation_history": {"executed_lines": [703], "summary": {"covered_lines": 1, "num_statements": 1, "percent_covered": 100.0, "percent_covered_display": "100", "missing_lines": 0, "excluded_lines": 0}, "missing_lines": [], "excluded_lines": []}, "ClarifyAgent.get_session_history": {"executed_lines": [713], "summary": {"covered_lines": 1, "num_statements": 1, "percent_covered": 100.0, "percent_covered_display": "100", "missing_lines": 0, "excluded_lines": 0}, "missing_lines": [], "excluded_lines": []}, "ClarifyAgent.reset_clarification": {"executed_lines": [720], "summary": {"covered_lines": 1, "num_statements": 1, "percent_covered": 100.0, "percent_covered_display": "100", "missing_lines": 0, "excluded_lines": 0}, "missing_lines": [], "excluded_lines": []}, "ClarifyAgent.is_clarification_complete": {"executed_lines": [730], "summary": {"covered_lines": 1, "num_statements": 1, "percent_covered": 100.0, "percent_covered_display": "100", "missing_lines": 0, "excluded_lines": 0}, "missing_lines": [], "excluded_lines": []}, "ClarifyAgent.current_turn": {"executed_lines": [741], "summary": {"covered_lines": 1, "num_statements": 1, "percent_covered": 100.0, "percent_covered_display": "100", "missing_lines": 0, "excluded_lines": 0}, "missing_lines": [], "excluded_lines": []}, "ClarifyAgent.remaining_turns": {"executed_lines": [752], "summary": {"covered_lines": 1, "num_statements": 1, "percent_covered": 100.0, "percent_covered_display": "100", "missing_lines": 0, "excluded_lines": 0}, "missing_lines": [], "excluded_lines": []}, "ClarifyAgent.__str__": {"executed_lines": [755], "summary": {"covered_lines": 1, "num_statements": 1, "percent_covered": 100.0, "percent_covered_display": "100", "missing_lines": 0, "excluded_lines": 0}, "missing_lines": [], "excluded_lines": []}, "ClarifyAgent.__repr__": {"executed_lines": [758], "summary": {"covered_lines": 1, "num_statements": 1, "percent_covered": 100.0, "percent_covered_display": "100", "missing_lines": 0, "excluded_lines": 0}, "missing_lines": [], "excluded_lines": []}, "create_simple_clarify_agent": {"executed_lines": [786], "summary": {"covered_lines": 1, "num_statements": 1, "percent_covered": 100.0, "percent_covered_display": "100", "missing_lines": 0, "excluded_lines": 0}, "missing_lines": [], "excluded_lines": []}, "create_evaluated_clarify_agent": {"executed_lines": [829], "summary": {"covered_lines": 1, "num_statements": 1, "percent_covered": 100.0, "percent_covered_display": "100", "missing_lines": 0, "excluded_lines": 0}, "missing_lines": [], "excluded_lines": []}, "": {"executed_lines": [1, 3, 9, 10, 11, 12, 14, 15, 16, 20, 21, 27, 30, 31, 38, 41, 42, 50, 53, 54, 62, 65, 66, 67, 76, 77, 78, 80, 91, 92, 104, 194, 214, 228, 243, 292, 306, 320, 353, 360, 367, 368, 378, 379, 389, 390, 400, 401, 411, 412, 422, 423, 433, 444, 445, 446, 456, 457, 458, 459, 462, 463, 473, 564, 695, 705, 715, 722, 732, 733, 743, 744, 754, 757, 761, 796], "summary": {"covered_lines": 69, "num_statements": 71, "percent_covered": 97.1830985915493, "percent_covered_display": "97", "missing_lines": 2, "excluded_lines": 0}, "missing_lines": [22, 23], "excluded_lines": []}}, "classes": {"ClarifyBase": {"executed_lines": [], "summary": {"covered_lines": 0, "num_statements": 0, "percent_covered": 100.0, "percent_covered_display": "100", "missing_lines": 0, "excluded_lines": 0}, "missing_lines": [], "excluded_lines": []}, "ClarifyGeneric": {"executed_lines": [], "summary": {"covered_lines": 0, "num_statements": 0, "percent_covered": 100.0, "percent_covered_display": "100", "missing_lines": 0, "excluded_lines": 0}, "missing_lines": [], "excluded_lines": []}, "Clarify": {"executed_lines": [], "summary": {"covered_lines": 0, "num_statements": 0, "percent_covered": 100.0, "percent_covered_display": "100", "missing_lines": 0, "excluded_lines": 0}, "missing_lines": [], "excluded_lines": []}, "ClarificationQuestion": {"executed_lines": [88], "summary": {"covered_lines": 1, "num_statements": 1, "percent_covered": 100.0, "percent_covered_display": "100", "missing_lines": 0, "excluded_lines": 0}, "missing_lines": [], "excluded_lines": []}, "ClarifyPipeline": {"executed_lines": [138, 139, 143, 146, 150, 154, 161, 172, 174, 179, 208, 209, 210, 212, 259, 260, 261, 264, 265, 266, 273, 290, 387, 420, 431], "summary": {"covered_lines": 25, "num_statements": 49, "percent_covered": 51.02040816326531, "percent_covered_display": "51", "missing_lines": 24, "excluded_lines": 0}, "missing_lines": [173, 175, 225, 241, 267, 268, 269, 270, 271, 303, 304, 317, 318, 331, 334, 338, 339, 347, 358, 365, 376, 398, 409, 441], "excluded_lines": []}, "ClarifyPipeline._create_wrapped_model.WrappedClarify": {"executed_lines": [], "summary": {"covered_lines": 0, "num_statements": 0, "percent_covered": 100.0, "percent_covered_display": "100", "missing_lines": 0, "excluded_lines": 0}, "missing_lines": [], "excluded_lines": []}, "ClarificationResult": {"executed_lines": [], "summary": {"covered_lines": 0, "num_statements": 0, "percent_covered": 100.0, "percent_covered_display": "100", "missing_lines": 0, "excluded_lines": 0}, "missing_lines": [], "excluded_lines": []}, "ClarifyAgent": {"executed_lines": [531, 535, 536, 537, 541, 578, 580, 583, 585, 588, 589, 598, 602, 609, 613, 622, 631, 634, 635, 639, 640, 644, 645, 650, 651, 652, 653, 655, 656, 660, 661, 665, 672, 675, 676, 680, 686, 687, 691, 693, 703, 713, 720, 730, 741, 752, 755, 758], "summary": {"covered_lines": 48, "num_statements": 51, "percent_covered": 94.11764705882354, "percent_covered_display": "94", "missing_lines": 3, "excluded_lines": 0}, "missing_lines": [605, 666, 667], "excluded_lines": []}, "": {"executed_lines": [1, 3, 9, 10, 11, 12, 14, 15, 16, 20, 21, 27, 30, 31, 38, 41, 42, 50, 53, 54, 62, 65, 66, 67, 76, 77, 78, 80, 91, 92, 104, 194, 214, 228, 243, 292, 306, 320, 353, 360, 367, 368, 378, 379, 389, 390, 400, 401, 411, 412, 422, 423, 433, 444, 445, 446, 456, 457, 458, 459, 462, 463, 473, 564, 695, 705, 715, 722, 732, 733, 743, 744, 754, 757, 761, 786, 796, 829], "summary": {"covered_lines": 71, "num_statements": 73, "percent_covered": 97.26027397260275, "percent_covered_display": "97", "missing_lines": 2, "excluded_lines": 0}, "missing_lines": [22, 23], "excluded_lines": []}}}, "src\\refinire\\agents\\extractor.py": {"executed_lines": [1, 9, 10, 11, 12, 13, 14, 15, 16, 17, 18, 20, 21, 22, 24, 27, 28, 33, 42, 43, 45, 46, 61, 62, 67, 78, 79, 80, 81, 83, 85, 88, 89, 90, 92, 93, 94, 95, 98, 99, 104, 105, 106, 109, 110, 115, 117, 118, 121, 122, 127, 128, 129, 132, 133, 138, 140, 141, 144, 145, 150, 151, 152, 153, 154, 155, 156, 157, 158, 160, 161, 162, 164, 165, 166, 169, 170, 171, 173, 174, 175, 176, 177, 178, 180, 181, 182, 185, 186, 191, 202, 203, 204, 205, 207, 209, 210, 220, 221, 223, 225, 228, 229, 231, 238, 239, 244, 254, 255, 256, 258, 260, 261, 262, 266, 268, 269, 271, 277, 279, 280, 282, 284, 286, 287, 288, 289, 290, 291, 294, 295, 310, 311, 320, 321, 326, 345, 385, 386, 391, 400, 401, 403, 405, 406, 412, 413, 418, 430, 431, 432, 433, 434, 436, 438, 439, 441, 443, 445, 447, 449, 454, 455, 460, 462, 467, 472, 477, 482, 483, 484, 486, 487, 488, 489, 492, 493, 503, 514, 515, 516, 517, 519, 524, 528, 529, 530, 532, 539, 540, 541, 543, 544, 545, 547, 548, 549, 551, 555, 556, 557, 558, 559, 561, 562, 563, 564, 565, 567, 576, 578, 580, 594, 596, 599, 600, 603, 609, 613, 614, 624, 633, 635, 639, 640, 644, 645, 647, 667, 672, 674, 675, 676, 677, 679, 680, 687, 689, 694, 696, 701, 707, 712, 720, 723, 732, 733, 734, 741, 742, 745, 754, 755, 756, 763, 764, 767], "summary": {"covered_lines": 242, "num_statements": 343, "percent_covered": 70.5539358600583, "percent_covered_display": "71", "missing_lines": 101, "excluded_lines": 0}, "missing_lines": [58, 86, 212, 213, 215, 216, 217, 226, 233, 234, 235, 264, 273, 274, 275, 292, 296, 297, 298, 299, 300, 301, 302, 304, 305, 307, 312, 313, 314, 315, 317, 339, 340, 341, 342, 343, 347, 348, 349, 351, 353, 356, 358, 359, 361, 364, 365, 366, 367, 368, 369, 370, 372, 374, 375, 378, 380, 381, 382, 407, 408, 409, 450, 451, 533, 534, 535, 536, 537, 552, 553, 568, 569, 570, 571, 572, 601, 604, 605, 625, 627, 628, 630, 631, 649, 650, 652, 653, 660, 662, 663, 665, 682, 683, 684, 685, 778, 779, 780, 787, 788], "excluded_lines": [], "functions": {"ExtractionRule.__init__": {"executed_lines": [42, 43], "summary": {"covered_lines": 2, "num_statements": 2, "percent_covered": 100.0, "percent_covered_display": "100", "missing_lines": 0, "excluded_lines": 0}, "missing_lines": [], "excluded_lines": []}, "ExtractionRule.extract": {"executed_lines": [], "summary": {"covered_lines": 0, "num_statements": 1, "percent_covered": 0.0, "percent_covered_display": "0", "missing_lines": 1, "excluded_lines": 0}, "missing_lines": [58], "excluded_lines": []}, "RegexExtractionRule.__init__": {"executed_lines": [78, 79, 80, 81], "summary": {"covered_lines": 4, "num_statements": 4, "percent_covered": 100.0, "percent_covered_display": "100", "missing_lines": 0, "excluded_lines": 0}, "missing_lines": [], "excluded_lines": []}, "RegexExtractionRule.extract": {"executed_lines": [85, 88, 89, 90, 92, 93, 94, 95], "summary": {"covered_lines": 8, "num_statements": 9, "percent_covered": 88.88888888888889, "percent_covered_display": "89", "missing_lines": 1, "excluded_lines": 0}, "missing_lines": [86], "excluded_lines": []}, "EmailExtractionRule.__init__": {"executed_lines": [105, 106], "summary": {"covered_lines": 2, "num_statements": 2, "percent_covered": 100.0, "percent_covered_display": "100", "missing_lines": 0, "excluded_lines": 0}, "missing_lines": [], "excluded_lines": []}, "PhoneExtractionRule.__init__": {"executed_lines": [117, 118], "summary": {"covered_lines": 2, "num_statements": 2, "percent_covered": 100.0, "percent_covered_display": "100", "missing_lines": 0, "excluded_lines": 0}, "missing_lines": [], "excluded_lines": []}, "URLExtractionRule.__init__": {"executed_lines": [128, 129], "summary": {"covered_lines": 2, "num_statements": 2, "percent_covered": 100.0, "percent_covered_display": "100", "missing_lines": 0, "excluded_lines": 0}, "missing_lines": [], "excluded_lines": []}, "DateExtractionRule.__init__": {"executed_lines": [140, 141], "summary": {"covered_lines": 2, "num_statements": 2, "percent_covered": 100.0, "percent_covered_display": "100", "missing_lines": 0, "excluded_lines": 0}, "missing_lines": [], "excluded_lines": []}, "SimpleHTMLParser.__init__": {"executed_lines": [151, 152, 153, 154, 155, 156, 157, 158], "summary": {"covered_lines": 8, "num_statements": 8, "percent_covered": 100.0, "percent_covered_display": "100", "missing_lines": 0, "excluded_lines": 0}, "missing_lines": [], "excluded_lines": []}, "SimpleHTMLParser.handle_starttag": {"executed_lines": [161, 162, 164, 165, 166, 169, 170, 171], "summary": {"covered_lines": 8, "num_statements": 8, "percent_covered": 100.0, "percent_covered_display": "100", "missing_lines": 0, "excluded_lines": 0}, "missing_lines": [], "excluded_lines": []}, "SimpleHTMLParser.handle_endtag": {"executed_lines": [174, 175, 176, 177, 178], "summary": {"covered_lines": 5, "num_statements": 5, "percent_covered": 100.0, "percent_covered_display": "100", "missing_lines": 0, "excluded_lines": 0}, "missing_lines": [], "excluded_lines": []}, "SimpleHTMLParser.handle_data": {"executed_lines": [181, 182], "summary": {"covered_lines": 2, "num_statements": 2, "percent_covered": 100.0, "percent_covered_display": "100", "missing_lines": 0, "excluded_lines": 0}, "missing_lines": [], "excluded_lines": []}, "HTMLExtractionRule.__init__": {"executed_lines": [202, 203, 204, 205], "summary": {"covered_lines": 4, "num_statements": 4, "percent_covered": 100.0, "percent_covered_display": "100", "missing_lines": 0, "excluded_lines": 0}, "missing_lines": [], "excluded_lines": []}, "HTMLExtractionRule.extract": {"executed_lines": [209, 210, 220, 221, 223, 225, 228, 229, 231], "summary": {"covered_lines": 9, "num_statements": 18, "percent_covered": 50.0, "percent_covered_display": "50", "missing_lines": 9, "excluded_lines": 0}, "missing_lines": [212, 213, 215, 216, 217, 226, 233, 234, 235], "excluded_lines": []}, "JSONExtractionRule.__init__": {"executed_lines": [254, 255, 256], "summary": {"covered_lines": 3, "num_statements": 3, "percent_covered": 100.0, "percent_covered_display": "100", "missing_lines": 0, "excluded_lines": 0}, "missing_lines": [], "excluded_lines": []}, "JSONExtractionRule.extract": {"executed_lines": [260, 261, 262, 266, 268, 269, 271], "summary": {"covered_lines": 7, "num_statements": 11, "percent_covered": 63.63636363636363, "percent_covered_display": "64", "missing_lines": 4, "excluded_lines": 0}, "missing_lines": [264, 273, 274, 275], "excluded_lines": []}, "JSONExtractionRule._extract_from_path": {"executed_lines": [279, 280, 282, 284, 286, 287, 288, 289, 290, 291, 294, 295, 310, 311], "summary": {"covered_lines": 14, "num_statements": 30, "percent_covered": 46.666666666666664, "percent_covered_display": "47", "missing_lines": 16, "excluded_lines": 0}, "missing_lines": [292, 296, 297, 298, 299, 300, 301, 302, 304, 305, 307, 312, 313, 314, 315, 317], "excluded_lines": []}, "LLMExtractionRule.__init__": {"executed_lines": [], "summary": {"covered_lines": 0, "num_statements": 5, "percent_covered": 0.0, "percent_covered_display": "0", "missing_lines": 5, "excluded_lines": 0}, "missing_lines": [339, 340, 341, 342, 343], "excluded_lines": []}, "LLMExtractionRule.extract": {"executed_lines": [], "summary": {"covered_lines": 0, "num_statements": 23, "percent_covered": 0.0, "percent_covered_display": "0", "missing_lines": 23, "excluded_lines": 0}, "missing_lines": [347, 348, 349, 351, 353, 356, 358, 359, 361, 364, 365, 366, 367, 368, 369, 370, 372, 374, 375, 378, 380, 381, 382], "excluded_lines": []}, "CustomFunctionExtractionRule.__init__": {"executed_lines": [400, 401], "summary": {"covered_lines": 2, "num_statements": 2, "percent_covered": 100.0, "percent_covered_display": "100", "missing_lines": 0, "excluded_lines": 0}, "missing_lines": [], "excluded_lines": []}, "CustomFunctionExtractionRule.extract": {"executed_lines": [405, 406], "summary": {"covered_lines": 2, "num_statements": 5, "percent_covered": 40.0, "percent_covered_display": "40", "missing_lines": 3, "excluded_lines": 0}, "missing_lines": [407, 408, 409], "excluded_lines": []}, "ExtractionResult.__init__": {"executed_lines": [430, 431, 432, 433, 434], "summary": {"covered_lines": 5, "num_statements": 5, "percent_covered": 100.0, "percent_covered_display": "100", "missing_lines": 0, "excluded_lines": 0}, "missing_lines": [], "excluded_lines": []}, "ExtractionResult.add_error": {"executed_lines": [438, 439], "summary": {"covered_lines": 2, "num_statements": 2, "percent_covered": 100.0, "percent_covered_display": "100", "missing_lines": 0, "excluded_lines": 0}, "missing_lines": [], "excluded_lines": []}, "ExtractionResult.add_warning": {"executed_lines": [443], "summary": {"covered_lines": 1, "num_statements": 1, "percent_covered": 100.0, "percent_covered_display": "100", "missing_lines": 0, "excluded_lines": 0}, "missing_lines": [], "excluded_lines": []}, "ExtractionResult.get_extracted": {"executed_lines": [447], "summary": {"covered_lines": 1, "num_statements": 1, "percent_covered": 100.0, "percent_covered_display": "100", "missing_lines": 0, "excluded_lines": 0}, "missing_lines": [], "excluded_lines": []}, "ExtractionResult.__str__": {"executed_lines": [], "summary": {"covered_lines": 0, "num_statements": 2, "percent_covered": 0.0, "percent_covered_display": "0", "missing_lines": 2, "excluded_lines": 0}, "missing_lines": [450, 451], "excluded_lines": []}, "ExtractorConfig.validate_input_format": {"executed_lines": [486, 487, 488, 489], "summary": {"covered_lines": 4, "num_statements": 4, "percent_covered": 100.0, "percent_covered_display": "100", "missing_lines": 0, "excluded_lines": 0}, "missing_lines": [], "excluded_lines": []}, "ExtractorAgent.__init__": {"executed_lines": [514, 515, 516, 517], "summary": {"covered_lines": 4, "num_statements": 4, "percent_covered": 100.0, "percent_covered_display": "100", "missing_lines": 0, "excluded_lines": 0}, "missing_lines": [], "excluded_lines": []}, "ExtractorAgent._build_extraction_rules": {"executed_lines": [524, 528, 529, 530, 532, 539, 540, 541, 543, 544, 545, 547, 548, 549, 551, 555, 556, 557, 558, 559, 561, 562, 563, 564, 565, 567, 576, 578], "summary": {"covered_lines": 28, "num_statements": 40, "percent_covered": 70.0, "percent_covered_display": "70", "missing_lines": 12, "excluded_lines": 0}, "missing_lines": [533, 534, 535, 536, 537, 552, 553, 568, 569, 570, 571, 572], "excluded_lines": []}, "ExtractorAgent.run": {"executed_lines": [594, 596, 599, 600, 603, 609, 613, 614, 624, 633, 635, 639, 640, 644, 645, 647], "summary": {"covered_lines": 16, "num_statements": 32, "percent_covered": 50.0, "percent_covered_display": "50", "missing_lines": 16, "excluded_lines": 0}, "missing_lines": [601, 604, 605, 625, 627, 628, 630, 631, 649, 650, 652, 653, 660, 662, 663, 665], "excluded_lines": []}, "ExtractorAgent._extract_data": {"executed_lines": [672, 674, 675, 676, 677, 679, 680, 687], "summary": {"covered_lines": 8, "num_statements": 12, "percent_covered": 66.66666666666667, "percent_covered_display": "67", "missing_lines": 4, "excluded_lines": 0}, "missing_lines": [682, 683, 684, 685], "excluded_lines": []}, "ExtractorAgent.add_rule": {"executed_lines": [694], "summary": {"covered_lines": 1, "num_statements": 1, "percent_covered": 100.0, "percent_covered_display": "100", "missing_lines": 0, "excluded_lines": 0}, "missing_lines": [], "excluded_lines": []}, "ExtractorAgent.get_rules": {"executed_lines": [701], "summary": {"covered_lines": 1, "num_statements": 1, "percent_covered": 100.0, "percent_covered_display": "100", "missing_lines": 0, "excluded_lines": 0}, "missing_lines": [], "excluded_lines": []}, "create_contact_extractor": {"executed_lines": [712, 720], "summary": {"covered_lines": 2, "num_statements": 2, "percent_covered": 100.0, "percent_covered_display": "100", "missing_lines": 0, "excluded_lines": 0}, "missing_lines": [], "excluded_lines": []}, "create_html_extractor": {"executed_lines": [732, 733, 734, 741, 742], "summary": {"covered_lines": 5, "num_statements": 5, "percent_covered": 100.0, "percent_covered_display": "100", "missing_lines": 0, "excluded_lines": 0}, "missing_lines": [], "excluded_lines": []}, "create_json_extractor": {"executed_lines": [754, 755, 756, 763, 764], "summary": {"covered_lines": 5, "num_statements": 5, "percent_covered": 100.0, "percent_covered_display": "100", "missing_lines": 0, "excluded_lines": 0}, "missing_lines": [], "excluded_lines": []}, "create_llm_extractor": {"executed_lines": [], "summary": {"covered_lines": 0, "num_statements": 5, "percent_covered": 0.0, "percent_covered_display": "0", "missing_lines": 5, "excluded_lines": 0}, "missing_lines": [778, 779, 780, 787, 788], "excluded_lines": []}, "": {"executed_lines": [1, 9, 10, 11, 12, 13, 14, 15, 16, 17, 18, 20, 21, 22, 24, 27, 28, 33, 45, 46, 61, 62, 67, 83, 98, 99, 104, 109, 110, 115, 121, 122, 127, 132, 133, 138, 144, 145, 150, 160, 173, 180, 185, 186, 191, 207, 238, 239, 244, 258, 277, 320, 321, 326, 345, 385, 386, 391, 403, 412, 413, 418, 436, 441, 445, 449, 454, 455, 460, 462, 467, 472, 477, 482, 483, 484, 492, 493, 503, 519, 580, 667, 689, 696, 707, 723, 745, 767], "summary": {"covered_lines": 73, "num_statements": 73, "percent_covered": 100.0, "percent_covered_display": "100", "missing_lines": 0, "excluded_lines": 0}, "missing_lines": [], "excluded_lines": []}}, "classes": {"ExtractionRule": {"executed_lines": [42, 43], "summary": {"covered_lines": 2, "num_statements": 3, "percent_covered": 66.66666666666667, "percent_covered_display": "67", "missing_lines": 1, "excluded_lines": 0}, "missing_lines": [58], "excluded_lines": []}, "RegexExtractionRule": {"executed_lines": [78, 79, 80, 81, 85, 88, 89, 90, 92, 93, 94, 95], "summary": {"covered_lines": 12, "num_statements": 13, "percent_covered": 92.3076923076923, "percent_covered_display": "92", "missing_lines": 1, "excluded_lines": 0}, "missing_lines": [86], "excluded_lines": []}, "EmailExtractionRule": {"executed_lines": [105, 106], "summary": {"covered_lines": 2, "num_statements": 2, "percent_covered": 100.0, "percent_covered_display": "100", "missing_lines": 0, "excluded_lines": 0}, "missing_lines": [], "excluded_lines": []}, "PhoneExtractionRule": {"executed_lines": [117, 118], "summary": {"covered_lines": 2, "num_statements": 2, "percent_covered": 100.0, "percent_covered_display": "100", "missing_lines": 0, "excluded_lines": 0}, "missing_lines": [], "excluded_lines": []}, "URLExtractionRule": {"executed_lines": [128, 129], "summary": {"covered_lines": 2, "num_statements": 2, "percent_covered": 100.0, "percent_covered_display": "100", "missing_lines": 0, "excluded_lines": 0}, "missing_lines": [], "excluded_lines": []}, "DateExtractionRule": {"executed_lines": [140, 141], "summary": {"covered_lines": 2, "num_statements": 2, "percent_covered": 100.0, "percent_covered_display": "100", "missing_lines": 0, "excluded_lines": 0}, "missing_lines": [], "excluded_lines": []}, "SimpleHTMLParser": {"executed_lines": [151, 152, 153, 154, 155, 156, 157, 158, 161, 162, 164, 165, 166, 169, 170, 171, 174, 175, 176, 177, 178, 181, 182], "summary": {"covered_lines": 23, "num_statements": 23, "percent_covered": 100.0, "percent_covered_display": "100", "missing_lines": 0, "excluded_lines": 0}, "missing_lines": [], "excluded_lines": []}, "HTMLExtractionRule": {"executed_lines": [202, 203, 204, 205, 209, 210, 220, 221, 223, 225, 228, 229, 231], "summary": {"covered_lines": 13, "num_statements": 22, "percent_covered": 59.09090909090909, "percent_covered_display": "59", "missing_lines": 9, "excluded_lines": 0}, "missing_lines": [212, 213, 215, 216, 217, 226, 233, 234, 235], "excluded_lines": []}, "JSONExtractionRule": {"executed_lines": [254, 255, 256, 260, 261, 262, 266, 268, 269, 271, 279, 280, 282, 284, 286, 287, 288, 289, 290, 291, 294, 295, 310, 311], "summary": {"covered_lines": 24, "num_statements": 44, "percent_covered": 54.54545454545455, "percent_covered_display": "55", "missing_lines": 20, "excluded_lines": 0}, "missing_lines": [264, 273, 274, 275, 292, 296, 297, 298, 299, 300, 301, 302, 304, 305, 307, 312, 313, 314, 315, 317], "excluded_lines": []}, "LLMExtractionRule": {"executed_lines": [], "summary": {"covered_lines": 0, "num_statements": 28, "percent_covered": 0.0, "percent_covered_display": "0", "missing_lines": 28, "excluded_lines": 0}, "missing_lines": [339, 340, 341, 342, 343, 347, 348, 349, 351, 353, 356, 358, 359, 361, 364, 365, 366, 367, 368, 369, 370, 372, 374, 375, 378, 380, 381, 382], "excluded_lines": []}, "CustomFunctionExtractionRule": {"executed_lines": [400, 401, 405, 406], "summary": {"covered_lines": 4, "num_statements": 7, "percent_covered": 57.142857142857146, "percent_covered_display": "57", "missing_lines": 3, "excluded_lines": 0}, "missing_lines": [407, 408, 409], "excluded_lines": []}, "ExtractionResult": {"executed_lines": [430, 431, 432, 433, 434, 438, 439, 443, 447], "summary": {"covered_lines": 9, "num_statements": 11, "percent_covered": 81.81818181818181, "percent_covered_display": "82", "missing_lines": 2, "excluded_lines": 0}, "missing_lines": [450, 451], "excluded_lines": []}, "ExtractorConfig": {"executed_lines": [486, 487, 488, 489], "summary": {"covered_lines": 4, "num_statements": 4, "percent_covered": 100.0, "percent_covered_display": "100", "missing_lines": 0, "excluded_lines": 0}, "missing_lines": [], "excluded_lines": []}, "ExtractorAgent": {"executed_lines": [514, 515, 516, 517, 524, 528, 529, 530, 532, 539, 540, 541, 543, 544, 545, 547, 548, 549, 551, 555, 556, 557, 558, 559, 561, 562, 563, 564, 565, 567, 576, 578, 594, 596, 599, 600, 603, 609, 613, 614, 624, 633, 635, 639, 640, 644, 645, 647, 672, 674, 675, 676, 677, 679, 680, 687, 694, 701], "summary": {"covered_lines": 58, "num_statements": 90, "percent_covered": 64.44444444444444, "percent_covered_display": "64", "missing_lines": 32, "excluded_lines": 0}, "missing_lines": [533, 534, 535, 536, 537, 552, 553, 568, 569, 570, 571, 572, 601, 604, 605, 625, 627, 628, 630, 631, 649, 650, 652, 653, 660, 662, 663, 665, 682, 683, 684, 685], "excluded_lines": []}, "": {"executed_lines": [1, 9, 10, 11, 12, 13, 14, 15, 16, 17, 18, 20, 21, 22, 24, 27, 28, 33, 45, 46, 61, 62, 67, 83, 98, 99, 104, 109, 110, 115, 121, 122, 127, 132, 133, 138, 144, 145, 150, 160, 173, 180, 185, 186, 191, 207, 238, 239, 244, 258, 277, 320, 321, 326, 345, 385, 386, 391, 403, 412, 413, 418, 436, 441, 445, 449, 454, 455, 460, 462, 467, 472, 477, 482, 483, 484, 492, 493, 503, 519, 580, 667, 689, 696, 707, 712, 720, 723, 732, 733, 734, 741, 742, 745, 754, 755, 756, 763, 764, 767], "summary": {"covered_lines": 85, "num_statements": 90, "percent_covered": 94.44444444444444, "percent_covered_display": "94", "missing_lines": 5, "excluded_lines": 0}, "missing_lines": [778, 779, 780, 787, 788], "excluded_lines": []}}}, "src\\refinire\\agents\\gen_agent.py": {"executed_lines": [1, 3, 9, 10, 12, 13, 14, 20, 21, 31, 83, 87, 88, 92, 114, 128, 130, 133, 135, 138, 139, 143, 144, 148, 151, 152, 156, 160, 164, 165, 169, 171, 174, 175, 176, 177, 181, 185, 186, 188, 190, 198, 200, 208, 210, 223, 225, 230, 232, 240, 242, 243, 245, 246, 252, 279, 291, 320], "summary": {"covered_lines": 57, "num_statements": 57, "percent_covered": 100.0, "percent_covered_display": "100", "missing_lines": 0, "excluded_lines": 0}, "missing_lines": [], "excluded_lines": [], "functions": {"GenAgent.__init__": {"executed_lines": [83, 87, 88, 92], "summary": {"covered_lines": 4, "num_statements": 4, "percent_covered": 100.0, "percent_covered_display": "100", "missing_lines": 0, "excluded_lines": 0}, "missing_lines": [], "excluded_lines": []}, "GenAgent.run": {"executed_lines": [128, 130, 133, 135, 138, 139, 143, 144, 148, 151, 152, 156, 160, 164, 165, 169, 171, 174, 175, 176, 177, 181, 185, 186, 188], "summary": {"covered_lines": 25, "num_statements": 25, "percent_covered": 100.0, "percent_covered_display": "100", "missing_lines": 0, "excluded_lines": 0}, "missing_lines": [], "excluded_lines": []}, "GenAgent.get_pipeline_history": {"executed_lines": [198], "summary": {"covered_lines": 1, "num_statements": 1, "percent_covered": 100.0, "percent_covered_display": "100", "missing_lines": 0, "excluded_lines": 0}, "missing_lines": [], "excluded_lines": []}, "GenAgent.get_session_history": {"executed_lines": [208], "summary": {"covered_lines": 1, "num_statements": 1, "percent_covered": 100.0, "percent_covered_display": "100", "missing_lines": 0, "excluded_lines": 0}, "missing_lines": [], "excluded_lines": []}, "GenAgent.update_instructions": {"executed_lines": [223], "summary": {"covered_lines": 1, "num_statements": 1, "percent_covered": 100.0, "percent_covered_display": "100", "missing_lines": 0, "excluded_lines": 0}, "missing_lines": [], "excluded_lines": []}, "GenAgent.clear_history": {"executed_lines": [230], "summary": {"covered_lines": 1, "num_statements": 1, "percent_covered": 100.0, "percent_covered_display": "100", "missing_lines": 0, "excluded_lines": 0}, "missing_lines": [], "excluded_lines": []}, "GenAgent.set_threshold": {"executed_lines": [240], "summary": {"covered_lines": 1, "num_statements": 1, "percent_covered": 100.0, "percent_covered_display": "100", "missing_lines": 0, "excluded_lines": 0}, "missing_lines": [], "excluded_lines": []}, "GenAgent.__str__": {"executed_lines": [243], "summary": {"covered_lines": 1, "num_statements": 1, "percent_covered": 100.0, "percent_covered_display": "100", "missing_lines": 0, "excluded_lines": 0}, "missing_lines": [], "excluded_lines": []}, "GenAgent.__repr__": {"executed_lines": [246], "summary": {"covered_lines": 1, "num_statements": 1, "percent_covered": 100.0, "percent_covered_display": "100", "missing_lines": 0, "excluded_lines": 0}, "missing_lines": [], "excluded_lines": []}, "create_simple_gen_agent": {"executed_lines": [279], "summary": {"covered_lines": 1, "num_statements": 1, "percent_covered": 100.0, "percent_covered_display": "100", "missing_lines": 0, "excluded_lines": 0}, "missing_lines": [], "excluded_lines": []}, "create_evaluated_gen_agent": {"executed_lines": [320], "summary": {"covered_lines": 1, "num_statements": 1, "percent_covered": 100.0, "percent_covered_display": "100", "missing_lines": 0, "excluded_lines": 0}, "missing_lines": [], "excluded_lines": []}, "": {"executed_lines": [1, 3, 9, 10, 12, 13, 14, 20, 21, 31, 114, 190, 200, 210, 225, 232, 242, 245, 252, 291], "summary": {"covered_lines": 19, "num_statements": 19, "percent_covered": 100.0, "percent_covered_display": "100", "missing_lines": 0, "excluded_lines": 0}, "missing_lines": [], "excluded_lines": []}}, "classes": {"GenAgent": {"executed_lines": [83, 87, 88, 92, 128, 130, 133, 135, 138, 139, 143, 144, 148, 151, 152, 156, 160, 164, 165, 169, 171, 174, 175, 176, 177, 181, 185, 186, 188, 198, 208, 223, 230, 240, 243, 246], "summary": {"covered_lines": 36, "num_statements": 36, "percent_covered": 100.0, "percent_covered_display": "100", "missing_lines": 0, "excluded_lines": 0}, "missing_lines": [], "excluded_lines": []}, "": {"executed_lines": [1, 3, 9, 10, 12, 13, 14, 20, 21, 31, 114, 190, 200, 210, 225, 232, 242, 245, 252, 279, 291, 320], "summary": {"covered_lines": 21, "num_statements": 21, "percent_covered": 100.0, "percent_covered_display": "100", "missing_lines": 0, "excluded_lines": 0}, "missing_lines": [], "excluded_lines": []}}}, "src\\refinire\\agents\\llm_pipeline.py": {"executed_lines": [1, 6, 8, 9, 10, 11, 12, 13, 15, 16, 17, 22, 23, 24, 35, 36, 37, 38, 39, 42, 43, 44, 54, 55, 56, 57, 60, 61, 69, 118, 119, 120, 121, 122, 123, 124, 125, 126, 127, 128, 129, 132, 133, 136, 137, 138, 141, 144, 145, 148, 149, 151, 163, 171, 174, 175, 177, 180, 190, 193, 194, 209, 221, 222, 224, 225, 226, 231, 240, 257, 259, 262, 264, 266, 269, 271, 273, 276, 277, 278, 280, 282, 284, 286, 290, 291, 293, 296, 303, 308, 314, 315, 317, 318, 322, 340, 341, 374, 405, 411, 469, 480, 488, 495, 497, 498, 508, 551, 553, 561, 564, 565, 568, 571, 576, 580, 586, 587, 588, 589, 591, 593, 594, 598, 599, 601, 602, 608, 626, 650, 704, 734, 790, 791, 792, 802, 803, 804, 805, 807, 818, 819, 820, 832, 833, 834, 835, 836, 837, 840, 841, 856, 881, 890, 891, 892, 896, 897, 898, 899, 901, 912, 913, 915, 928, 938, 940, 951, 954, 958, 959, 963, 967, 1044, 1047, 1061, 1069, 1070, 1081, 1090, 1102, 1117, 1122, 1123, 1124, 1125, 1127, 1128, 1136, 1138, 1139, 1147, 1149, 1150, 1158, 1160, 1161, 1169, 1171, 1172, 1183, 1206, 1216, 1245], "summary": {"covered_lines": 197, "num_statements": 357, "percent_covered": 55.182072829131656, "percent_covered_display": "55", "missing_lines": 160, "excluded_lines": 0}, "missing_lines": [18, 19, 164, 181, 182, 183, 195, 198, 200, 201, 205, 206, 234, 253, 254, 255, 260, 261, 267, 268, 304, 309, 310, 345, 346, 349, 353, 359, 362, 368, 372, 376, 377, 381, 382, 385, 386, 387, 388, 392, 393, 394, 395, 396, 397, 398, 399, 401, 403, 407, 408, 409, 418, 420, 421, 425, 426, 427, 429, 430, 434, 435, 436, 437, 438, 439, 440, 441, 442, 443, 444, 446, 450, 451, 453, 467, 473, 477, 478, 482, 483, 484, 485, 486, 490, 500, 502, 503, 504, 506, 510, 520, 522, 523, 531, 532, 533, 535, 542, 544, 569, 573, 574, 578, 596, 618, 639, 687, 697, 698, 699, 701, 719, 723, 725, 744, 746, 749, 750, 753, 763, 764, 765, 766, 767, 768, 769, 770, 771, 773, 775, 776, 778, 779, 781, 815, 929, 969, 972, 988, 991, 992, 994, 1005, 1008, 1009, 1011, 1022, 1028, 1035, 1072, 1073, 1074, 1075, 1076, 1077, 1079, 1100, 1115, 1180], "excluded_lines": [], "functions": {"LLMPipeline.__init__": {"executed_lines": [118, 119, 120, 121, 122, 123, 124, 125, 126, 127, 128, 129, 132, 133, 136, 137, 138, 141, 144, 145, 148, 149], "summary": {"covered_lines": 22, "num_statements": 22, "percent_covered": 100.0, "percent_covered_display": "100", "missing_lines": 0, "excluded_lines": 0}, "missing_lines": [], "excluded_lines": []}, "LLMPipeline.run": {"executed_lines": [163, 171, 174, 175, 177, 180, 190, 193, 194, 209, 221, 222, 224, 225, 226, 231], "summary": {"covered_lines": 16, "num_statements": 27, "percent_covered": 59.25925925925926, "percent_covered_display": "59", "missing_lines": 11, "excluded_lines": 0}, "missing_lines": [164, 181, 182, 183, 195, 198, 200, 201, 205, 206, 234], "excluded_lines": []}, "LLMPipeline.run_async": {"executed_lines": [], "summary": {"covered_lines": 0, "num_statements": 3, "percent_covered": 0.0, "percent_covered_display": "0", "missing_lines": 3, "excluded_lines": 0}, "missing_lines": [253, 254, 255], "excluded_lines": []}, "LLMPipeline._validate_input": {"executed_lines": [259, 262], "summary": {"covered_lines": 2, "num_statements": 4, "percent_covered": 50.0, "percent_covered_display": "50", "missing_lines": 2, "excluded_lines": 0}, "missing_lines": [260, 261], "excluded_lines": []}, "LLMPipeline._validate_output": {"executed_lines": [266, 269], "summary": {"covered_lines": 2, "num_statements": 4, "percent_covered": 50.0, "percent_covered_display": "50", "missing_lines": 2, "excluded_lines": 0}, "missing_lines": [267, 268], "excluded_lines": []}, "LLMPipeline._build_prompt": {"executed_lines": [273, 276, 277, 278, 280, 282], "summary": {"covered_lines": 6, "num_statements": 6, "percent_covered": 100.0, "percent_covered_display": "100", "missing_lines": 0, "excluded_lines": 0}, "missing_lines": [], "excluded_lines": []}, "LLMPipeline._generate_content": {"executed_lines": [286, 290, 291, 293, 296, 303, 308, 314, 315, 317, 318, 322, 340, 341], "summary": {"covered_lines": 14, "num_statements": 25, "percent_covered": 56.0, "percent_covered_display": "56", "missing_lines": 11, "excluded_lines": 0}, "missing_lines": [304, 309, 310, 345, 346, 349, 353, 359, 362, 368, 372], "excluded_lines": []}, "LLMPipeline._execute_tool": {"executed_lines": [], "summary": {"covered_lines": 0, "num_statements": 18, "percent_covered": 0.0, "percent_covered_display": "0", "missing_lines": 18, "excluded_lines": 0}, "missing_lines": [376, 377, 381, 382, 385, 386, 387, 388, 392, 393, 394, 395, 396, 397, 398, 399, 401, 403], "excluded_lines": []}, "LLMPipeline.add_tool": {"executed_lines": [], "summary": {"covered_lines": 0, "num_statements": 3, "percent_covered": 0.0, "percent_covered_display": "0", "missing_lines": 3, "excluded_lines": 0}, "missing_lines": [407, 408, 409], "excluded_lines": []}, "LLMPipeline.add_function_tool": {"executed_lines": [], "summary": {"covered_lines": 0, "num_statements": 24, "percent_covered": 0.0, "percent_covered_display": "0", "missing_lines": 24, "excluded_lines": 0}, "missing_lines": [418, 420, 421, 425, 426, 427, 429, 430, 434, 435, 436, 437, 438, 439, 440, 441, 442, 443, 444, 446, 450, 451, 453, 467], "excluded_lines": []}, "LLMPipeline.add_mcp_server": {"executed_lines": [], "summary": {"covered_lines": 0, "num_statements": 3, "percent_covered": 0.0, "percent_covered_display": "0", "missing_lines": 3, "excluded_lines": 0}, "missing_lines": [473, 477, 478], "excluded_lines": []}, "LLMPipeline.remove_tool": {"executed_lines": [], "summary": {"covered_lines": 0, "num_statements": 5, "percent_covered": 0.0, "percent_covered_display": "0", "missing_lines": 5, "excluded_lines": 0}, "missing_lines": [482, 483, 484, 485, 486], "excluded_lines": []}, "LLMPipeline.list_tools": {"executed_lines": [], "summary": {"covered_lines": 0, "num_statements": 1, "percent_covered": 0.0, "percent_covered_display": "0", "missing_lines": 1, "excluded_lines": 0}, "missing_lines": [490], "excluded_lines": []}, "LLMPipeline._parse_structured_output": {"executed_lines": [497, 498], "summary": {"covered_lines": 2, "num_statements": 7, "percent_covered": 28.571428571428573, "percent_covered_display": "29", "missing_lines": 5, "excluded_lines": 0}, "missing_lines": [500, 502, 503, 504, 506], "excluded_lines": []}, "LLMPipeline._evaluate_content": {"executed_lines": [], "summary": {"covered_lines": 0, "num_statements": 10, "percent_covered": 0.0, "percent_covered_display": "0", "missing_lines": 10, "excluded_lines": 0}, "missing_lines": [510, 520, 522, 523, 531, 532, 533, 535, 542, 544], "excluded_lines": []}, "LLMPipeline._store_in_history": {"executed_lines": [553, 561, 564, 565, 568], "summary": {"covered_lines": 5, "num_statements": 6, "percent_covered": 83.33333333333333, "percent_covered_display": "83", "missing_lines": 1, "excluded_lines": 0}, "missing_lines": [569], "excluded_lines": []}, "LLMPipeline.clear_history": {"executed_lines": [], "summary": {"covered_lines": 0, "num_statements": 2, "percent_covered": 0.0, "percent_covered_display": "0", "missing_lines": 2, "excluded_lines": 0}, "missing_lines": [573, 574], "excluded_lines": []}, "LLMPipeline.get_history": {"executed_lines": [], "summary": {"covered_lines": 0, "num_statements": 1, "percent_covered": 0.0, "percent_covered_display": "0", "missing_lines": 1, "excluded_lines": 0}, "missing_lines": [578], "excluded_lines": []}, "LLMPipeline.update_instructions": {"executed_lines": [586, 587, 588, 589], "summary": {"covered_lines": 4, "num_statements": 4, "percent_covered": 100.0, "percent_covered_display": "100", "missing_lines": 0, "excluded_lines": 0}, "missing_lines": [], "excluded_lines": []}, "LLMPipeline.set_threshold": {"executed_lines": [593, 594], "summary": {"covered_lines": 2, "num_statements": 3, "percent_covered": 66.66666666666667, "percent_covered_display": "67", "missing_lines": 1, "excluded_lines": 0}, "missing_lines": [596], "excluded_lines": []}, "LLMPipeline.__str__": {"executed_lines": [599], "summary": {"covered_lines": 1, "num_statements": 1, "percent_covered": 100.0, "percent_covered_display": "100", "missing_lines": 0, "excluded_lines": 0}, "missing_lines": [], "excluded_lines": []}, "LLMPipeline.__repr__": {"executed_lines": [602], "summary": {"covered_lines": 1, "num_statements": 1, "percent_covered": 100.0, "percent_covered_display": "100", "missing_lines": 0, "excluded_lines": 0}, "missing_lines": [], "excluded_lines": []}, "create_simple_llm_pipeline": {"executed_lines": [], "summary": {"covered_lines": 0, "num_statements": 1, "percent_covered": 0.0, "percent_covered_display": "0", "missing_lines": 1, "excluded_lines": 0}, "missing_lines": [618], "excluded_lines": []}, "create_evaluated_llm_pipeline": {"executed_lines": [], "summary": {"covered_lines": 0, "num_statements": 1, "percent_covered": 0.0, "percent_covered_display": "0", "missing_lines": 1, "excluded_lines": 0}, "missing_lines": [639], "excluded_lines": []}, "create_tool_enabled_llm_pipeline": {"executed_lines": [], "summary": {"covered_lines": 0, "num_statements": 5, "percent_covered": 0.0, "percent_covered_display": "0", "missing_lines": 5, "excluded_lines": 0}, "missing_lines": [687, 697, 698, 699, 701], "excluded_lines": []}, "create_web_search_pipeline": {"executed_lines": [], "summary": {"covered_lines": 0, "num_statements": 2, "percent_covered": 0.0, "percent_covered_display": "0", "missing_lines": 2, "excluded_lines": 0}, "missing_lines": [719, 725], "excluded_lines": []}, "create_web_search_pipeline.web_search": {"executed_lines": [], "summary": {"covered_lines": 0, "num_statements": 1, "percent_covered": 0.0, "percent_covered_display": "0", "missing_lines": 1, "excluded_lines": 0}, "missing_lines": [723], "excluded_lines": []}, "create_calculator_pipeline": {"executed_lines": [], "summary": {"covered_lines": 0, "num_statements": 2, "percent_covered": 0.0, "percent_covered_display": "0", "missing_lines": 2, "excluded_lines": 0}, "missing_lines": [744, 781], "excluded_lines": []}, "create_calculator_pipeline.calculate": {"executed_lines": [], "summary": {"covered_lines": 0, "num_statements": 9, "percent_covered": 0.0, "percent_covered_display": "0", "missing_lines": 9, "excluded_lines": 0}, "missing_lines": [746, 749, 750, 753, 763, 775, 776, 778, 779], "excluded_lines": []}, "create_calculator_pipeline.calculate.eval_expr": {"executed_lines": [], "summary": {"covered_lines": 0, "num_statements": 9, "percent_covered": 0.0, "percent_covered_display": "0", "missing_lines": 9, "excluded_lines": 0}, "missing_lines": [764, 765, 766, 767, 768, 769, 770, 771, 773], "excluded_lines": []}, "InteractionQuestion.__str__": {"executed_lines": [], "summary": {"covered_lines": 0, "num_statements": 1, "percent_covered": 0.0, "percent_covered_display": "0", "missing_lines": 1, "excluded_lines": 0}, "missing_lines": [815], "excluded_lines": []}, "InteractivePipeline.__init__": {"executed_lines": [881, 890, 891, 892, 896, 897, 898, 899], "summary": {"covered_lines": 8, "num_statements": 8, "percent_covered": 100.0, "percent_covered_display": "100", "missing_lines": 0, "excluded_lines": 0}, "missing_lines": [], "excluded_lines": []}, "InteractivePipeline.run_interactive": {"executed_lines": [912, 913], "summary": {"covered_lines": 2, "num_statements": 2, "percent_covered": 100.0, "percent_covered_display": "100", "missing_lines": 0, "excluded_lines": 0}, "missing_lines": [], "excluded_lines": []}, "InteractivePipeline.continue_interaction": {"executed_lines": [928, 938], "summary": {"covered_lines": 2, "num_statements": 3, "percent_covered": 66.66666666666667, "percent_covered_display": "67", "missing_lines": 1, "excluded_lines": 0}, "missing_lines": [929], "excluded_lines": []}, "InteractivePipeline._process_turn": {"executed_lines": [951, 954, 958, 959, 963, 967, 1044, 1047], "summary": {"covered_lines": 8, "num_statements": 21, "percent_covered": 38.095238095238095, "percent_covered_display": "38", "missing_lines": 13, "excluded_lines": 0}, "missing_lines": [969, 972, 988, 991, 992, 994, 1005, 1008, 1009, 1011, 1022, 1028, 1035], "excluded_lines": []}, "InteractivePipeline._build_interaction_context": {"executed_lines": [1069, 1070], "summary": {"covered_lines": 2, "num_statements": 9, "percent_covered": 22.22222222222222, "percent_covered_display": "22", "missing_lines": 7, "excluded_lines": 0}, "missing_lines": [1072, 1073, 1074, 1075, 1076, 1077, 1079], "excluded_lines": []}, "InteractivePipeline._store_turn": {"executed_lines": [1090], "summary": {"covered_lines": 1, "num_statements": 2, "percent_covered": 50.0, "percent_covered_display": "50", "missing_lines": 1, "excluded_lines": 0}, "missing_lines": [1100], "excluded_lines": []}, "InteractivePipeline._default_question_format": {"executed_lines": [], "summary": {"covered_lines": 0, "num_statements": 1, "percent_covered": 0.0, "percent_covered_display": "0", "missing_lines": 1, "excluded_lines": 0}, "missing_lines": [1115], "excluded_lines": []}, "InteractivePipeline.reset_interaction": {"executed_lines": [1122, 1123, 1124, 1125], "summary": {"covered_lines": 4, "num_statements": 4, "percent_covered": 100.0, "percent_covered_display": "100", "missing_lines": 0, "excluded_lines": 0}, "missing_lines": [], "excluded_lines": []}, "InteractivePipeline.is_complete": {"executed_lines": [1136], "summary": {"covered_lines": 1, "num_statements": 1, "percent_covered": 100.0, "percent_covered_display": "100", "missing_lines": 0, "excluded_lines": 0}, "missing_lines": [], "excluded_lines": []}, "InteractivePipeline.current_turn": {"executed_lines": [1147], "summary": {"covered_lines": 1, "num_statements": 1, "percent_covered": 100.0, "percent_covered_display": "100", "missing_lines": 0, "excluded_lines": 0}, "missing_lines": [], "excluded_lines": []}, "InteractivePipeline.remaining_turns": {"executed_lines": [1158], "summary": {"covered_lines": 1, "num_statements": 1, "percent_covered": 100.0, "percent_covered_display": "100", "missing_lines": 0, "excluded_lines": 0}, "missing_lines": [], "excluded_lines": []}, "InteractivePipeline.interaction_history": {"executed_lines": [1169], "summary": {"covered_lines": 1, "num_statements": 1, "percent_covered": 100.0, "percent_covered_display": "100", "missing_lines": 0, "excluded_lines": 0}, "missing_lines": [], "excluded_lines": []}, "InteractivePipeline.final_result": {"executed_lines": [], "summary": {"covered_lines": 0, "num_statements": 1, "percent_covered": 0.0, "percent_covered_display": "0", "missing_lines": 1, "excluded_lines": 0}, "missing_lines": [1180], "excluded_lines": []}, "create_simple_interactive_pipeline": {"executed_lines": [1206], "summary": {"covered_lines": 1, "num_statements": 1, "percent_covered": 100.0, "percent_covered_display": "100", "missing_lines": 0, "excluded_lines": 0}, "missing_lines": [], "excluded_lines": []}, "create_evaluated_interactive_pipeline": {"executed_lines": [1245], "summary": {"covered_lines": 1, "num_statements": 1, "percent_covered": 100.0, "percent_covered_display": "100", "missing_lines": 0, "excluded_lines": 0}, "missing_lines": [], "excluded_lines": []}, "": {"executed_lines": [1, 6, 8, 9, 10, 11, 12, 13, 15, 16, 17, 22, 23, 24, 35, 36, 37, 38, 39, 42, 43, 44, 54, 55, 56, 57, 60, 61, 69, 151, 240, 257, 264, 271, 284, 374, 405, 411, 469, 480, 488, 495, 508, 551, 571, 576, 580, 591, 598, 601, 608, 626, 650, 704, 734, 790, 791, 792, 802, 803, 804, 805, 807, 818, 819, 820, 832, 833, 834, 835, 836, 837, 840, 841, 856, 901, 915, 940, 1061, 1081, 1102, 1117, 1127, 1128, 1138, 1139, 1149, 1150, 1160, 1161, 1171, 1172, 1183, 1216], "summary": {"covered_lines": 87, "num_statements": 89, "percent_covered": 97.75280898876404, "percent_covered_display": "98", "missing_lines": 2, "excluded_lines": 0}, "missing_lines": [18, 19], "excluded_lines": []}}, "classes": {"LLMResult": {"executed_lines": [], "summary": {"covered_lines": 0, "num_statements": 0, "percent_covered": 100.0, "percent_covered_display": "100", "missing_lines": 0, "excluded_lines": 0}, "missing_lines": [], "excluded_lines": []}, "EvaluationResult": {"executed_lines": [], "summary": {"covered_lines": 0, "num_statements": 0, "percent_covered": 100.0, "percent_covered_display": "100", "missing_lines": 0, "excluded_lines": 0}, "missing_lines": [], "excluded_lines": []}, "LLMPipeline": {"executed_lines": [118, 119, 120, 121, 122, 123, 124, 125, 126, 127, 128, 129, 132, 133, 136, 137, 138, 141, 144, 145, 148, 149, 163, 171, 174, 175, 177, 180, 190, 193, 194, 209, 221, 222, 224, 225, 226, 231, 259, 262, 266, 269, 273, 276, 277, 278, 280, 282, 286, 290, 291, 293, 296, 303, 308, 314, 315, 317, 318, 322, 340, 341, 497, 498, 553, 561, 564, 565, 568, 586, 587, 588, 589, 593, 594, 599, 602], "summary": {"covered_lines": 77, "num_statements": 180, "percent_covered": 42.77777777777778, "percent_covered_display": "43", "missing_lines": 103, "excluded_lines": 0}, "missing_lines": [164, 181, 182, 183, 195, 198, 200, 201, 205, 206, 234, 253, 254, 255, 260, 261, 267, 268, 304, 309, 310, 345, 346, 349, 353, 359, 362, 368, 372, 376, 377, 381, 382, 385, 386, 387, 388, 392, 393, 394, 395, 396, 397, 398, 399, 401, 403, 407, 408, 409, 418, 420, 421, 425, 426, 427, 429, 430, 434, 435, 436, 437, 438, 439, 440, 441, 442, 443, 444, 446, 450, 451, 453, 467, 473, 477, 478, 482, 483, 484, 485, 486, 490, 500, 502, 503, 504, 506, 510, 520, 522, 523, 531, 532, 533, 535, 542, 544, 569, 573, 574, 578, 596], "excluded_lines": []}, "InteractionQuestion": {"executed_lines": [], "summary": {"covered_lines": 0, "num_statements": 1, "percent_covered": 0.0, "percent_covered_display": "0", "missing_lines": 1, "excluded_lines": 0}, "missing_lines": [815], "excluded_lines": []}, "InteractionResult": {"executed_lines": [], "summary": {"covered_lines": 0, "num_statements": 0, "percent_covered": 100.0, "percent_covered_display": "100", "missing_lines": 0, "excluded_lines": 0}, "missing_lines": [], "excluded_lines": []}, "InteractivePipeline": {"executed_lines": [881, 890, 891, 892, 896, 897, 898, 899, 912, 913, 928, 938, 951, 954, 958, 959, 963, 967, 1044, 1047, 1069, 1070, 1090, 1122, 1123, 1124, 1125, 1136, 1147, 1158, 1169], "summary": {"covered_lines": 31, "num_statements": 55, "percent_covered": 56.36363636363637, "percent_covered_display": "56", "missing_lines": 24, "excluded_lines": 0}, "missing_lines": [929, 969, 972, 988, 991, 992, 994, 1005, 1008, 1009, 1011, 1022, 1028, 1035, 1072, 1073, 1074, 1075, 1076, 1077, 1079, 1100, 1115, 1180], "excluded_lines": []}, "": {"executed_lines": [1, 6, 8, 9, 10, 11, 12, 13, 15, 16, 17, 22, 23, 24, 35, 36, 37, 38, 39, 42, 43, 44, 54, 55, 56, 57, 60, 61, 69, 151, 240, 257, 264, 271, 284, 374, 405, 411, 469, 480, 488, 495, 508, 551, 571, 576, 580, 591, 598, 601, 608, 626, 650, 704, 734, 790, 791, 792, 802, 803, 804, 805, 807, 818, 819, 820, 832, 833, 834, 835, 836, 837, 840, 841, 856, 901, 915, 940, 1061, 1081, 1102, 1117, 1127, 1128, 1138, 1139, 1149, 1150, 1160, 1161, 1171, 1172, 1183, 1206, 1216, 1245], "summary": {"covered_lines": 89, "num_statements": 121, "percent_covered": 73.55371900826447, "percent_covered_display": "74", "missing_lines": 32, "excluded_lines": 0}, "missing_lines": [18, 19, 618, 639, 687, 697, 698, 699, 701, 719, 723, 725, 744, 746, 749, 750, 753, 763, 764, 765, 766, 767, 768, 769, 770, 771, 773, 775, 776, 778, 779, 781], "excluded_lines": []}}}, "src\\refinire\\agents\\notification.py": {"executed_lines": [1, 8, 9, 10, 11, 12, 13, 14, 15, 16, 17, 18, 20, 21, 23, 26, 27, 32, 41, 42, 44, 45, 61, 62, 67, 76, 77, 79, 81, 82, 84, 86, 87, 88, 89, 95, 101, 102, 107, 125, 126, 127, 128, 129, 130, 131, 132, 134, 136, 137, 138, 140, 142, 143, 144, 145, 148, 151, 152, 153, 155, 158, 160, 161, 168, 169, 174, 188, 189, 190, 191, 192, 194, 196, 197, 198, 200, 202, 205, 206, 208, 215, 216, 222, 223, 231, 232, 233, 234, 244, 245, 250, 262, 263, 265, 267, 274, 275, 280, 289, 300, 307, 308, 313, 325, 326, 327, 328, 330, 332, 333, 335, 336, 337, 339, 340, 341, 342, 343, 344, 348, 350, 351, 358, 359, 364, 376, 377, 378, 379, 380, 382, 383, 385, 386, 387, 389, 390, 392, 394, 396, 397, 399, 403, 404, 409, 411, 416, 421, 426, 431, 436, 437, 438, 440, 442, 445, 446, 456, 465, 466, 467, 469, 474, 478, 479, 480, 481, 483, 484, 485, 487, 488, 498, 499, 501, 502, 509, 510, 512, 513, 519, 520, 522, 523, 527, 528, 530, 531, 537, 538, 543, 545, 559, 561, 564, 565, 568, 574, 578, 582, 583, 594, 595, 596, 598, 599, 600, 602, 603, 607, 608, 610, 612, 613, 615, 616, 624, 626, 627, 631, 636, 637, 639, 640, 641, 643, 644, 645, 647, 649, 650, 660, 662, 667, 669, 674, 676, 681, 687, 692, 696, 699, 704, 708, 711, 716, 720, 723, 729, 738, 741, 746, 750, 753, 759, 766], "summary": {"covered_lines": 246, "num_statements": 283, "percent_covered": 86.92579505300354, "percent_covered_display": "87", "missing_lines": 37, "excluded_lines": 0}, "missing_lines": [58, 85, 90, 91, 93, 96, 97, 98, 156, 163, 164, 165, 217, 218, 219, 236, 237, 239, 240, 241, 346, 353, 354, 355, 400, 441, 541, 566, 569, 570, 629, 652, 653, 654, 655, 657, 658], "excluded_lines": [], "functions": {"NotificationChannel.__init__": {"executed_lines": [41, 42], "summary": {"covered_lines": 2, "num_statements": 2, "percent_covered": 100.0, "percent_covered_display": "100", "missing_lines": 0, "excluded_lines": 0}, "missing_lines": [], "excluded_lines": []}, "NotificationChannel.send": {"executed_lines": [], "summary": {"covered_lines": 0, "num_statements": 1, "percent_covered": 0.0, "percent_covered_display": "0", "missing_lines": 1, "excluded_lines": 0}, "missing_lines": [58], "excluded_lines": []}, "LogChannel.__init__": {"executed_lines": [76, 77], "summary": {"covered_lines": 2, "num_statements": 2, "percent_covered": 100.0, "percent_covered_display": "100", "missing_lines": 0, "excluded_lines": 0}, "missing_lines": [], "excluded_lines": []}, "LogChannel.send": {"executed_lines": [81, 82, 84, 86, 87, 88, 89, 95], "summary": {"covered_lines": 8, "num_statements": 15, "percent_covered": 53.333333333333336, "percent_covered_display": "53", "missing_lines": 7, "excluded_lines": 0}, "missing_lines": [85, 90, 91, 93, 96, 97, 98], "excluded_lines": []}, "EmailChannel.__init__": {"executed_lines": [125, 126, 127, 128, 129, 130, 131, 132], "summary": {"covered_lines": 8, "num_statements": 8, "percent_covered": 100.0, "percent_covered_display": "100", "missing_lines": 0, "excluded_lines": 0}, "missing_lines": [], "excluded_lines": []}, "EmailChannel.send": {"executed_lines": [136, 137, 138, 140, 142, 143, 144, 145, 148, 151, 152, 153, 155, 158, 160, 161], "summary": {"covered_lines": 16, "num_statements": 20, "percent_covered": 80.0, "percent_covered_display": "80", "missing_lines": 4, "excluded_lines": 0}, "missing_lines": [156, 163, 164, 165], "excluded_lines": []}, "WebhookChannel.__init__": {"executed_lines": [188, 189, 190, 191, 192], "summary": {"covered_lines": 5, "num_statements": 5, "percent_covered": 100.0, "percent_covered_display": "100", "missing_lines": 0, "excluded_lines": 0}, "missing_lines": [], "excluded_lines": []}, "WebhookChannel.send": {"executed_lines": [196, 197, 198, 200, 202, 205, 206, 208, 215, 216, 222, 223, 231, 232, 233, 234], "summary": {"covered_lines": 16, "num_statements": 24, "percent_covered": 66.66666666666667, "percent_covered_display": "67", "missing_lines": 8, "excluded_lines": 0}, "missing_lines": [217, 218, 219, 236, 237, 239, 240, 241], "excluded_lines": []}, "SlackChannel.__init__": {"executed_lines": [262, 263, 265, 267], "summary": {"covered_lines": 4, "num_statements": 4, "percent_covered": 100.0, "percent_covered_display": "100", "missing_lines": 0, "excluded_lines": 0}, "missing_lines": [], "excluded_lines": []}, "TeamsChannel.__init__": {"executed_lines": [289, 300], "summary": {"covered_lines": 2, "num_statements": 2, "percent_covered": 100.0, "percent_covered_display": "100", "missing_lines": 0, "excluded_lines": 0}, "missing_lines": [], "excluded_lines": []}, "FileChannel.__init__": {"executed_lines": [325, 326, 327, 328], "summary": {"covered_lines": 4, "num_statements": 4, "percent_covered": 100.0, "percent_covered_display": "100", "missing_lines": 0, "excluded_lines": 0}, "missing_lines": [], "excluded_lines": []}, "FileChannel.send": {"executed_lines": [332, 333, 335, 336, 337, 339, 340, 341, 342, 343, 344, 348, 350, 351], "summary": {"covered_lines": 14, "num_statements": 18, "percent_covered": 77.77777777777777, "percent_covered_display": "78", "missing_lines": 4, "excluded_lines": 0}, "missing_lines": [346, 353, 354, 355], "excluded_lines": []}, "NotificationResult.__init__": {"executed_lines": [376, 377, 378, 379, 380], "summary": {"covered_lines": 5, "num_statements": 5, "percent_covered": 100.0, "percent_covered_display": "100", "missing_lines": 0, "excluded_lines": 0}, "missing_lines": [], "excluded_lines": []}, "NotificationResult.success_rate": {"executed_lines": [385, 386, 387], "summary": {"covered_lines": 3, "num_statements": 3, "percent_covered": 100.0, "percent_covered_display": "100", "missing_lines": 0, "excluded_lines": 0}, "missing_lines": [], "excluded_lines": []}, "NotificationResult.is_success": {"executed_lines": [392], "summary": {"covered_lines": 1, "num_statements": 1, "percent_covered": 100.0, "percent_covered_display": "100", "missing_lines": 0, "excluded_lines": 0}, "missing_lines": [], "excluded_lines": []}, "NotificationResult.add_error": {"executed_lines": [396, 397], "summary": {"covered_lines": 2, "num_statements": 2, "percent_covered": 100.0, "percent_covered_display": "100", "missing_lines": 0, "excluded_lines": 0}, "missing_lines": [], "excluded_lines": []}, "NotificationResult.__str__": {"executed_lines": [], "summary": {"covered_lines": 0, "num_statements": 1, "percent_covered": 0.0, "percent_covered_display": "0", "missing_lines": 1, "excluded_lines": 0}, "missing_lines": [400], "excluded_lines": []}, "NotificationConfig.channels_not_empty": {"executed_lines": [440, 442], "summary": {"covered_lines": 2, "num_statements": 3, "percent_covered": 66.66666666666667, "percent_covered_display": "67", "missing_lines": 1, "excluded_lines": 0}, "missing_lines": [441], "excluded_lines": []}, "NotificationAgent.__init__": {"executed_lines": [465, 466, 467], "summary": {"covered_lines": 3, "num_statements": 3, "percent_covered": 100.0, "percent_covered_display": "100", "missing_lines": 0, "excluded_lines": 0}, "missing_lines": [], "excluded_lines": []}, "NotificationAgent._build_notification_channels": {"executed_lines": [474, 478, 479, 480, 481, 483, 484, 485, 487, 488, 498, 499, 501, 502, 509, 510, 512, 513, 519, 520, 522, 523, 527, 528, 530, 531, 537, 538, 543], "summary": {"covered_lines": 29, "num_statements": 30, "percent_covered": 96.66666666666667, "percent_covered_display": "97", "missing_lines": 1, "excluded_lines": 0}, "missing_lines": [541], "excluded_lines": []}, "NotificationAgent.run": {"executed_lines": [559, 561, 564, 565, 568, 574, 578, 582, 583, 594, 595, 596, 598, 599, 600, 602, 603, 607, 608, 610, 612, 613, 615, 616, 624, 626, 627], "summary": {"covered_lines": 27, "num_statements": 31, "percent_covered": 87.09677419354838, "percent_covered_display": "87", "missing_lines": 4, "excluded_lines": 0}, "missing_lines": [566, 569, 570, 629], "excluded_lines": []}, "NotificationAgent._send_notifications": {"executed_lines": [636, 637, 639, 640, 641, 643, 644, 645, 647, 649, 650, 660], "summary": {"covered_lines": 12, "num_statements": 18, "percent_covered": 66.66666666666667, "percent_covered_display": "67", "missing_lines": 6, "excluded_lines": 0}, "missing_lines": [652, 653, 654, 655, 657, 658], "excluded_lines": []}, "NotificationAgent.add_channel": {"executed_lines": [667], "summary": {"covered_lines": 1, "num_statements": 1, "percent_covered": 100.0, "percent_covered_display": "100", "missing_lines": 0, "excluded_lines": 0}, "missing_lines": [], "excluded_lines": []}, "NotificationAgent.get_channels": {"executed_lines": [674], "summary": {"covered_lines": 1, "num_statements": 1, "percent_covered": 100.0, "percent_covered_display": "100", "missing_lines": 0, "excluded_lines": 0}, "missing_lines": [], "excluded_lines": []}, "NotificationAgent.set_subject": {"executed_lines": [681], "summary": {"covered_lines": 1, "num_statements": 1, "percent_covered": 100.0, "percent_covered_display": "100", "missing_lines": 0, "excluded_lines": 0}, "missing_lines": [], "excluded_lines": []}, "create_log_notifier": {"executed_lines": [692, 696], "summary": {"covered_lines": 2, "num_statements": 2, "percent_covered": 100.0, "percent_covered_display": "100", "missing_lines": 0, "excluded_lines": 0}, "missing_lines": [], "excluded_lines": []}, "create_file_notifier": {"executed_lines": [704, 708], "summary": {"covered_lines": 2, "num_statements": 2, "percent_covered": 100.0, "percent_covered_display": "100", "missing_lines": 0, "excluded_lines": 0}, "missing_lines": [], "excluded_lines": []}, "create_webhook_notifier": {"executed_lines": [716, 720], "summary": {"covered_lines": 2, "num_statements": 2, "percent_covered": 100.0, "percent_covered_display": "100", "missing_lines": 0, "excluded_lines": 0}, "missing_lines": [], "excluded_lines": []}, "create_slack_notifier": {"executed_lines": [729, 738], "summary": {"covered_lines": 2, "num_statements": 2, "percent_covered": 100.0, "percent_covered_display": "100", "missing_lines": 0, "excluded_lines": 0}, "missing_lines": [], "excluded_lines": []}, "create_teams_notifier": {"executed_lines": [746, 750], "summary": {"covered_lines": 2, "num_statements": 2, "percent_covered": 100.0, "percent_covered_display": "100", "missing_lines": 0, "excluded_lines": 0}, "missing_lines": [], "excluded_lines": []}, "create_multi_channel_notifier": {"executed_lines": [759, 766], "summary": {"covered_lines": 2, "num_statements": 2, "percent_covered": 100.0, "percent_covered_display": "100", "missing_lines": 0, "excluded_lines": 0}, "missing_lines": [], "excluded_lines": []}, "": {"executed_lines": [1, 8, 9, 10, 11, 12, 13, 14, 15, 16, 17, 18, 20, 21, 23, 26, 27, 32, 44, 45, 61, 62, 67, 79, 101, 102, 107, 134, 168, 169, 174, 194, 244, 245, 250, 274, 275, 280, 307, 308, 313, 330, 358, 359, 364, 382, 383, 389, 390, 394, 399, 403, 404, 409, 411, 416, 421, 426, 431, 436, 437, 438, 445, 446, 456, 469, 545, 631, 662, 669, 676, 687, 699, 711, 723, 741, 753], "summary": {"covered_lines": 66, "num_statements": 66, "percent_covered": 100.0, "percent_covered_display": "100", "missing_lines": 0, "excluded_lines": 0}, "missing_lines": [], "excluded_lines": []}}, "classes": {"NotificationChannel": {"executed_lines": [41, 42], "summary": {"covered_lines": 2, "num_statements": 3, "percent_covered": 66.66666666666667, "percent_covered_display": "67", "missing_lines": 1, "excluded_lines": 0}, "missing_lines": [58], "excluded_lines": []}, "LogChannel": {"executed_lines": [76, 77, 81, 82, 84, 86, 87, 88, 89, 95], "summary": {"covered_lines": 10, "num_statements": 17, "percent_covered": 58.8235294117647, "percent_covered_display": "59", "missing_lines": 7, "excluded_lines": 0}, "missing_lines": [85, 90, 91, 93, 96, 97, 98], "excluded_lines": []}, "EmailChannel": {"executed_lines": [125, 126, 127, 128, 129, 130, 131, 132, 136, 137, 138, 140, 142, 143, 144, 145, 148, 151, 152, 153, 155, 158, 160, 161], "summary": {"covered_lines": 24, "num_statements": 28, "percent_covered": 85.71428571428571, "percent_covered_display": "86", "missing_lines": 4, "excluded_lines": 0}, "missing_lines": [156, 163, 164, 165], "excluded_lines": []}, "WebhookChannel": {"executed_lines": [188, 189, 190, 191, 192, 196, 197, 198, 200, 202, 205, 206, 208, 215, 216, 222, 223, 231, 232, 233, 234], "summary": {"covered_lines": 21, "num_statements": 29, "percent_covered": 72.41379310344827, "percent_covered_display": "72", "missing_lines": 8, "excluded_lines": 0}, "missing_lines": [217, 218, 219, 236, 237, 239, 240, 241], "excluded_lines": []}, "SlackChannel": {"executed_lines": [262, 263, 265, 267], "summary": {"covered_lines": 4, "num_statements": 4, "percent_covered": 100.0, "percent_covered_display": "100", "missing_lines": 0, "excluded_lines": 0}, "missing_lines": [], "excluded_lines": []}, "TeamsChannel": {"executed_lines": [289, 300], "summary": {"covered_lines": 2, "num_statements": 2, "percent_covered": 100.0, "percent_covered_display": "100", "missing_lines": 0, "excluded_lines": 0}, "missing_lines": [], "excluded_lines": []}, "FileChannel": {"executed_lines": [325, 326, 327, 328, 332, 333, 335, 336, 337, 339, 340, 341, 342, 343, 344, 348, 350, 351], "summary": {"covered_lines": 18, "num_statements": 22, "percent_covered": 81.81818181818181, "percent_covered_display": "82", "missing_lines": 4, "excluded_lines": 0}, "missing_lines": [346, 353, 354, 355], "excluded_lines": []}, "NotificationResult": {"executed_lines": [376, 377, 378, 379, 380, 385, 386, 387, 392, 396, 397], "summary": {"covered_lines": 11, "num_statements": 12, "percent_covered": 91.66666666666667, "percent_covered_display": "92", "missing_lines": 1, "excluded_lines": 0}, "missing_lines": [400], "excluded_lines": []}, "NotificationConfig": {"executed_lines": [440, 442], "summary": {"covered_lines": 2, "num_statements": 3, "percent_covered": 66.66666666666667, "percent_covered_display": "67", "missing_lines": 1, "excluded_lines": 0}, "missing_lines": [441], "excluded_lines": []}, "NotificationAgent": {"executed_lines": [465, 466, 467, 474, 478, 479, 480, 481, 483, 484, 485, 487, 488, 498, 499, 501, 502, 509, 510, 512, 513, 519, 520, 522, 523, 527, 528, 530, 531, 537, 538, 543, 559, 561, 564, 565, 568, 574, 578, 582, 583, 594, 595, 596, 598, 599, 600, 602, 603, 607, 608, 610, 612, 613, 615, 616, 624, 626, 627, 636, 637, 639, 640, 641, 643, 644, 645, 647, 649, 650, 660, 667, 674, 681], "summary": {"covered_lines": 74, "num_statements": 85, "percent_covered": 87.05882352941177, "percent_covered_display": "87", "missing_lines": 11, "excluded_lines": 0}, "missing_lines": [541, 566, 569, 570, 629, 652, 653, 654, 655, 657, 658], "excluded_lines": []}, "": {"executed_lines": [1, 8, 9, 10, 11, 12, 13, 14, 15, 16, 17, 18, 20, 21, 23, 26, 27, 32, 44, 45, 61, 62, 67, 79, 101, 102, 107, 134, 168, 169, 174, 194, 244, 245, 250, 274, 275, 280, 307, 308, 313, 330, 358, 359, 364, 382, 383, 389, 390, 394, 399, 403, 404, 409, 411, 416, 421, 426, 431, 436, 437, 438, 445, 446, 456, 469, 545, 631, 662, 669, 676, 687, 692, 696, 699, 704, 708, 711, 716, 720, 723, 729, 738, 741, 746, 750, 753, 759, 766], "summary": {"covered_lines": 78, "num_statements": 78, "percent_covered": 100.0, "percent_covered_display": "100", "missing_lines": 0, "excluded_lines": 0}, "missing_lines": [], "excluded_lines": []}}}, "src\\refinire\\agents\\router.py": {"executed_lines": [1, 10, 11, 12, 13, 15, 16, 17, 19, 22, 23, 28, 29, 44, 45, 50, 67, 68, 69, 70, 72, 79, 80, 81, 82, 83, 84, 85, 87, 89, 100, 101, 105, 109, 110, 111, 115, 116, 117, 118, 122, 123, 125, 126, 127, 130, 131, 136, 145, 147, 152, 153, 154, 155, 156, 157, 158, 162, 163, 164, 167, 168, 173, 175, 179, 185, 190, 196, 202, 207, 212, 213, 214, 216, 217, 218, 220, 221, 222, 224, 225, 226, 229, 230, 240, 250, 251, 255, 256, 259, 263, 265, 272, 273, 274, 276, 281, 286, 295, 373, 390, 391, 398, 432, 435, 452, 453, 460, 489], "summary": {"covered_lines": 103, "num_statements": 133, "percent_covered": 77.44360902255639, "percent_covered_display": "77", "missing_lines": 30, "excluded_lines": 0}, "missing_lines": [41, 279, 309, 311, 314, 318, 322, 326, 327, 328, 332, 333, 334, 338, 339, 343, 344, 346, 348, 350, 351, 355, 356, 358, 360, 361, 362, 363, 365, 367], "excluded_lines": [], "functions": {"RouteClassifier.classify": {"executed_lines": [], "summary": {"covered_lines": 0, "num_statements": 1, "percent_covered": 0.0, "percent_covered_display": "0", "missing_lines": 1, "excluded_lines": 0}, "missing_lines": [41], "excluded_lines": []}, "LLMClassifier.__init__": {"executed_lines": [67, 68, 69, 70], "summary": {"covered_lines": 4, "num_statements": 4, "percent_covered": 100.0, "percent_covered_display": "100", "missing_lines": 0, "excluded_lines": 0}, "missing_lines": [], "excluded_lines": []}, "LLMClassifier.classify": {"executed_lines": [79, 80, 81, 82, 83, 84, 85, 87, 89, 100, 101, 105, 109, 110, 111, 115, 116, 117, 118, 122, 123, 125, 126, 127], "summary": {"covered_lines": 24, "num_statements": 24, "percent_covered": 100.0, "percent_covered_display": "100", "missing_lines": 0, "excluded_lines": 0}, "missing_lines": [], "excluded_lines": []}, "RuleBasedClassifier.__init__": {"executed_lines": [145], "summary": {"covered_lines": 1, "num_statements": 1, "percent_covered": 100.0, "percent_covered_display": "100", "missing_lines": 0, "excluded_lines": 0}, "missing_lines": [], "excluded_lines": []}, "RuleBasedClassifier.classify": {"executed_lines": [152, 153, 154, 155, 156, 157, 158, 162, 163, 164], "summary": {"covered_lines": 10, "num_statements": 10, "percent_covered": 100.0, "percent_covered_display": "100", "missing_lines": 0, "excluded_lines": 0}, "missing_lines": [], "excluded_lines": []}, "RouterConfig.routes_not_empty": {"executed_lines": [216, 217, 218], "summary": {"covered_lines": 3, "num_statements": 3, "percent_covered": 100.0, "percent_covered_display": "100", "missing_lines": 0, "excluded_lines": 0}, "missing_lines": [], "excluded_lines": []}, "RouterConfig.default_route_exists": {"executed_lines": [224, 225, 226], "summary": {"covered_lines": 3, "num_statements": 3, "percent_covered": 100.0, "percent_covered_display": "100", "missing_lines": 0, "excluded_lines": 0}, "missing_lines": [], "excluded_lines": []}, "RouterAgent.__init__": {"executed_lines": [250, 251, 255, 256, 259, 263, 265, 272, 273, 274, 276], "summary": {"covered_lines": 11, "num_statements": 12, "percent_covered": 91.66666666666667, "percent_covered_display": "92", "missing_lines": 1, "excluded_lines": 0}, "missing_lines": [279], "excluded_lines": []}, "RouterAgent._create_default_classification_prompt": {"executed_lines": [286], "summary": {"covered_lines": 1, "num_statements": 1, "percent_covered": 100.0, "percent_covered_display": "100", "missing_lines": 0, "excluded_lines": 0}, "missing_lines": [], "excluded_lines": []}, "RouterAgent.run": {"executed_lines": [], "summary": {"covered_lines": 0, "num_statements": 28, "percent_covered": 0.0, "percent_covered_display": "0", "missing_lines": 28, "excluded_lines": 0}, "missing_lines": [309, 311, 314, 318, 322, 326, 327, 328, 332, 333, 334, 338, 339, 343, 344, 346, 348, 350, 351, 355, 356, 358, 360, 361, 362, 363, 365, 367], "excluded_lines": []}, "create_intent_router": {"executed_lines": [390, 391, 398, 432], "summary": {"covered_lines": 4, "num_statements": 4, "percent_covered": 100.0, "percent_covered_display": "100", "missing_lines": 0, "excluded_lines": 0}, "missing_lines": [], "excluded_lines": []}, "create_content_type_router": {"executed_lines": [452, 453, 460, 489], "summary": {"covered_lines": 4, "num_statements": 4, "percent_covered": 100.0, "percent_covered_display": "100", "missing_lines": 0, "excluded_lines": 0}, "missing_lines": [], "excluded_lines": []}, "": {"executed_lines": [1, 10, 11, 12, 13, 15, 16, 17, 19, 22, 23, 28, 29, 44, 45, 50, 72, 130, 131, 136, 147, 167, 168, 173, 175, 179, 185, 190, 196, 202, 207, 212, 213, 214, 220, 221, 222, 229, 230, 240, 281, 295, 373, 435], "summary": {"covered_lines": 38, "num_statements": 38, "percent_covered": 100.0, "percent_covered_display": "100", "missing_lines": 0, "excluded_lines": 0}, "missing_lines": [], "excluded_lines": []}}, "classes": {"RouteClassifier": {"executed_lines": [], "summary": {"covered_lines": 0, "num_statements": 1, "percent_covered": 0.0, "percent_covered_display": "0", "missing_lines": 1, "excluded_lines": 0}, "missing_lines": [41], "excluded_lines": []}, "LLMClassifier": {"executed_lines": [67, 68, 69, 70, 79, 80, 81, 82, 83, 84, 85, 87, 89, 100, 101, 105, 109, 110, 111, 115, 116, 117, 118, 122, 123, 125, 126, 127], "summary": {"covered_lines": 28, "num_statements": 28, "percent_covered": 100.0, "percent_covered_display": "100", "missing_lines": 0, "excluded_lines": 0}, "missing_lines": [], "excluded_lines": []}, "RuleBasedClassifier": {"executed_lines": [145, 152, 153, 154, 155, 156, 157, 158, 162, 163, 164], "summary": {"covered_lines": 11, "num_statements": 11, "percent_covered": 100.0, "percent_covered_display": "100", "missing_lines": 0, "excluded_lines": 0}, "missing_lines": [], "excluded_lines": []}, "RouterConfig": {"executed_lines": [216, 217, 218, 224, 225, 226], "summary": {"covered_lines": 6, "num_statements": 6, "percent_covered": 100.0, "percent_covered_display": "100", "missing_lines": 0, "excluded_lines": 0}, "missing_lines": [], "excluded_lines": []}, "RouterAgent": {"executed_lines": [250, 251, 255, 256, 259, 263, 265, 272, 273, 274, 276, 286], "summary": {"covered_lines": 12, "num_statements": 41, "percent_covered": 29.26829268292683, "percent_covered_display": "29", "missing_lines": 29, "excluded_lines": 0}, "missing_lines": [279, 309, 311, 314, 318, 322, 326, 327, 328, 332, 333, 334, 338, 339, 343, 344, 346, 348, 350, 351, 355, 356, 358, 360, 361, 362, 363, 365, 367], "excluded_lines": []}, "": {"executed_lines": [1, 10, 11, 12, 13, 15, 16, 17, 19, 22, 23, 28, 29, 44, 45, 50, 72, 130, 131, 136, 147, 167, 168, 173, 175, 179, 185, 190, 196, 202, 207, 212, 213, 214, 220, 221, 222, 229, 230, 240, 281, 295, 373, 390, 391, 398, 432, 435, 452, 453, 460, 489], "summary": {"covered_lines": 46, "num_statements": 46, "percent_covered": 100.0, "percent_covered_display": "100", "missing_lines": 0, "excluded_lines": 0}, "missing_lines": [], "excluded_lines": []}}}, "src\\refinire\\agents\\validator.py": {"executed_lines": [1, 8, 9, 10, 11, 12, 13, 15, 16, 18, 21, 22, 27, 36, 37, 39, 40, 54, 55, 6
[...]
344, 348, 349, 351, 353], "excluded_lines": []}, "AgentPipelineStep.__init__": {"executed_lines": [375, 376, 377], "summary": {"covered_lines": 3, "num_statements": 3, "percent_covered": 100.0, "percent_covered_display": "100", "missing_lines": 0, "excluded_lines": 0}, "missing_lines": [], "excluded_lines": []}, "AgentPipelineStep.run": {"executed_lines": [391, 393, 396, 400, 401, 402, 403, 407, 408, 409, 411, 412, 413, 417, 418, 422], "summary": {"covered_lines": 16, "num_statements": 17, "percent_covered": 94.11764705882354, "percent_covered_display": "94", "missing_lines": 1, "excluded_lines": 0}, "missing_lines": [420], "excluded_lines": []}, "DebugStep.__init__": {"executed_lines": [445, 446, 447, 448], "summary": {"covered_lines": 4, "num_statements": 4, "percent_covered": 100.0, "percent_covered_display": "100", "missing_lines": 0, "excluded_lines": 0}, "missing_lines": [], "excluded_lines": []}, "DebugStep.run": {"executed_lines": [462, 466, 467, 468, 469, 470, 472, 473, 477, 481, 482, 484, 486], "summary": {"covered_lines": 13, "num_statements": 13, "percent_covered": 100.0, "percent_covered_display": "100", "missing_lines": 0, "excluded_lines": 0}, "missing_lines": [], "excluded_lines": []}, "create_simple_condition": {"executed_lines": [504, 520], "summary": {"covered_lines": 2, "num_statements": 2, "percent_covered": 100.0, "percent_covered_display": "100", "missing_lines": 0, "excluded_lines": 0}, "missing_lines": [], "excluded_lines": []}, "create_simple_condition.condition": {"executed_lines": [], "summary": {"covered_lines": 0, "num_statements": 11, "percent_covered": 0.0, "percent_covered_display": "0", "missing_lines": 11, "excluded_lines": 0}, "missing_lines": [505, 508, 509, 510, 511, 512, 513, 515, 516, 517, 518], "excluded_lines": []}, "create_lambda_step": {"executed_lines": [536, 540], "summary": {"covered_lines": 2, "num_statements": 2, "percent_covered": 100.0, "percent_covered_display": "100", "missing_lines": 0, "excluded_lines": 0}, "missing_lines": [], "excluded_lines": []}, "create_lambda_step.wrapper": {"executed_lines": [537, 538], "summary": {"covered_lines": 2, "num_statements": 2, "percent_covered": 100.0, "percent_covered_display": "100", "missing_lines": 0, "excluded_lines": 0}, "missing_lines": [], "excluded_lines": []}, "": {"executed_lines": [1, 3, 9, 10, 11, 12, 13, 15, 18, 19, 29, 39, 40, 54, 57, 61, 62, 72, 86, 118, 119, 127, 149, 183, 184, 192, 211, 246, 247, 255, 269, 297, 298, 306, 322, 356, 357, 365, 379, 425, 426, 434, 450, 492, 523], "summary": {"covered_lines": 37, "num_statements": 37, "percent_covered": 100.0, "percent_covered_display": "100", "missing_lines": 0, "excluded_lines": 0}, "missing_lines": [], "excluded_lines": []}}, "classes": {"Step": {"executed_lines": [37, 55, 58], "summary": {"covered_lines": 3, "num_statements": 4, "percent_covered": 75.0, "percent_covered_display": "75", "missing_lines": 1, "excluded_lines": 0}, "missing_lines": [52], "excluded_lines": []}, "UserInputStep": {"executed_lines": [82, 83, 84, 98, 102, 103, 104, 105, 107, 113, 115], "summary": {"covered_lines": 11, "num_statements": 11, "percent_covered": 100.0, "percent_covered_display": "100", "missing_lines": 0, "excluded_lines": 0}, "missing_lines": [], "excluded_lines": []}, "ConditionStep": {"executed_lines": [144, 145, 146, 147, 161, 165, 166, 167, 168, 169, 172, 173, 177, 178, 180], "summary": {"covered_lines": 15, "num_statements": 15, "percent_covered": 100.0, "percent_covered_display": "100", "missing_lines": 0, "excluded_lines": 0}, "missing_lines": [], "excluded_lines": []}, "FunctionStep": {"executed_lines": [207, 208, 209, 223, 225, 228, 229, 230, 232, 233, 234, 238, 239, 241, 243], "summary": {"covered_lines": 15, "num_statements": 15, "percent_covered": 100.0, "percent_covered_display": "100", "missing_lines": 0, "excluded_lines": 0}, "missing_lines": [], "excluded_lines": []}, "ForkStep": {"executed_lines": [], "summary": {"covered_lines": 0, "num_statements": 8, "percent_covered": 0.0, "percent_covered_display": "0", "missing_lines": 8, "excluded_lines": 0}, "missing_lines": [265, 266, 267, 281, 285, 286, 292, 294], "excluded_lines": []}, "JoinStep": {"executed_lines": [], "summary": {"covered_lines": 0, "num_statements": 11, "percent_covered": 0.0, "percent_covered_display": "0", "missing_lines": 11, "excluded_lines": 0}, "missing_lines": [317, 318, 319, 320, 334, 338, 344, 348, 349, 351, 353], "excluded_lines": []}, "AgentPipelineStep": {"executed_lines": [375, 376, 377, 391, 393, 396, 400, 401, 402, 403, 407, 408, 409, 411, 412, 413, 417, 418, 422], "summary": {"covered_lines": 19, "num_statements": 20, "percent_covered": 95.0, "percent_covered_display": "95", "missing_lines": 1, "excluded_lines": 0}, "missing_lines": [420], "excluded_lines": []}, "DebugStep": {"executed_lines": [445, 446, 447, 448, 462, 466, 467, 468, 469, 470, 472, 473, 477, 481, 482, 484, 486], "summary": {"covered_lines": 17, "num_statements": 17, "percent_covered": 100.0, "percent_covered_display": "100", "missing_lines": 0, "excluded_lines": 0}, "missing_lines": [], "excluded_lines": []}, "": {"executed_lines": [1, 3, 9, 10, 11, 12, 13, 15, 18, 19, 29, 39, 40, 54, 57, 61, 62, 72, 86, 118, 119, 127, 149, 183, 184, 192, 211, 246, 247, 255, 269, 297, 298, 306, 322, 356, 357, 365, 379, 425, 426, 434, 450, 492, 504, 520, 523, 536, 537, 538, 540], "summary": {"covered_lines": 43, "num_statements": 54, "percent_covered": 79.62962962962963, "percent_covered_display": "80", "missing_lines": 11, "excluded_lines": 0}, "missing_lines": [505, 508, 509, 510, 511, 512, 513, 515, 516, 517, 518], "excluded_lines": []}}}, "src\\refinire\\trace_registry.py": {"executed_lines": [2, 10, 11, 12, 13, 14, 15, 18, 19, 20, 24, 25, 26, 27, 28, 29, 30, 31, 32, 33, 34, 35, 38, 39, 51, 59, 60, 61, 65, 68, 87, 88, 102, 103, 105, 128, 129, 132, 134, 135, 136, 137, 138, 139, 141, 142, 144, 145, 147, 148, 150, 154, 155, 157, 159, 171, 172, 173, 174, 175, 176, 177, 179, 180, 181, 183, 195, 196, 197, 198, 199, 200, 201, 202, 204, 205, 206, 207, 209, 242, 270, 284, 295, 296, 298, 309, 323, 389, 442, 462, 497, 521, 526, 529, 540, 556, 559, 568, 569, 570, 573], "summary": {"covered_lines": 98, "num_statements": 203, "percent_covered": 48.275862068965516, "percent_covered_display": "48", "missing_lines": 105, "excluded_lines": 0}, "missing_lines": [66, 130, 151, 152, 221, 222, 223, 224, 227, 231, 235, 239, 240, 258, 259, 260, 263, 264, 265, 266, 267, 268, 281, 282, 306, 307, 320, 321, 349, 350, 354, 355, 357, 358, 363, 364, 369, 370, 372, 373, 375, 376, 380, 384, 385, 387, 397, 398, 399, 400, 402, 403, 404, 405, 406, 407, 409, 412, 416, 417, 418, 422, 423, 425, 426, 428, 430, 451, 452, 453, 457, 458, 460, 474, 475, 476, 477, 479, 480, 483, 484, 485, 486, 488, 489, 490, 492, 493, 495, 508, 509, 510, 515, 516, 518, 519, 527, 534, 535, 537, 538, 548, 549, 551, 582], "excluded_lines": [], "functions": {"TraceRegistry.__init__": {"executed_lines": [59, 60, 61, 65], "summary": {"covered_lines": 4, "num_statements": 5, "percent_covered": 80.0, "percent_covered_display": "80", "missing_lines": 1, "excluded_lines": 0}, "missing_lines": [66], "excluded_lines": []}, "TraceRegistry.register_trace": {"executed_lines": [87, 88, 102, 103], "summary": {"covered_lines": 4, "num_statements": 4, "percent_covered": 100.0, "percent_covered_display": "100", "missing_lines": 0, "excluded_lines": 0}, "missing_lines": [], "excluded_lines": []}, "TraceRegistry.update_trace": {"executed_lines": [128, 129, 132, 134, 135, 136, 137, 138, 139, 141, 142, 144, 145, 147, 148, 150, 154, 155, 157], "summary": {"covered_lines": 19, "num_statements": 22, "percent_covered": 86.36363636363636, "percent_covered_display": "86", "missing_lines": 3, "excluded_lines": 0}, "missing_lines": [130, 151, 152], "excluded_lines": []}, "TraceRegistry.search_by_flow_name": {"executed_lines": [171, 172, 173, 174, 175, 176, 177, 179, 180, 181], "summary": {"covered_lines": 10, "num_statements": 10, "percent_covered": 100.0, "percent_covered_display": "100", "missing_lines": 0, "excluded_lines": 0}, "missing_lines": [], "excluded_lines": []}, "TraceRegistry.search_by_agent_name": {"executed_lines": [195, 196, 197, 198, 199, 200, 201, 202, 204, 205, 206, 207], "summary": {"covered_lines": 12, "num_statements": 12, "percent_covered": 100.0, "percent_covered_display": "100", "missing_lines": 0, "excluded_lines": 0}, "missing_lines": [], "excluded_lines": []}, "TraceRegistry.search_by_tags": {"executed_lines": [], "summary": {"covered_lines": 0, "num_statements": 9, "percent_covered": 0.0, "percent_covered_display": "0", "missing_lines": 9, "excluded_lines": 0}, "missing_lines": [221, 222, 223, 224, 227, 231, 235, 239, 240], "excluded_lines": []}, "TraceRegistry.search_by_time_range": {"executed_lines": [], "summary": {"covered_lines": 0, "num_statements": 9, "percent_covered": 0.0, "percent_covered_display": "0", "missing_lines": 9, "excluded_lines": 0}, "missing_lines": [258, 259, 260, 263, 264, 265, 266, 267, 268], "excluded_lines": []}, "TraceRegistry.search_by_status": {"executed_lines": [], "summary": {"covered_lines": 0, "num_statements": 2, "percent_covered": 0.0, "percent_covered_display": "0", "missing_lines": 2, "excluded_lines": 0}, "missing_lines": [281, 282], "excluded_lines": []}, "TraceRegistry.get_trace": {"executed_lines": [295, 296], "summary": {"covered_lines": 2, "num_statements": 2, "percent_covered": 100.0, "percent_covered_display": "100", "missing_lines": 0, "excluded_lines": 0}, "missing_lines": [], "excluded_lines": []}, "TraceRegistry.get_all_traces": {"executed_lines": [], "summary": {"covered_lines": 0, "num_statements": 2, "percent_covered": 0.0, "percent_covered_display": "0", "missing_lines": 2, "excluded_lines": 0}, "missing_lines": [306, 307], "excluded_lines": []}, "TraceRegistry.get_recent_traces": {"executed_lines": [], "summary": {"covered_lines": 0, "num_statements": 2, "percent_covered": 0.0, "percent_covered_display": "0", "missing_lines": 2, "excluded_lines": 0}, "missing_lines": [320, 321], "excluded_lines": []}, "TraceRegistry.complex_search": {"executed_lines": [], "summary": {"covered_lines": 0, "num_statements": 18, "percent_covered": 0.0, "percent_covered_display": "0", "missing_lines": 18, "excluded_lines": 0}, "missing_lines": [349, 350, 354, 355, 357, 358, 363, 364, 369, 370, 372, 373, 375, 376, 380, 384, 385, 387], "excluded_lines": []}, "TraceRegistry.get_statistics": {"executed_lines": [], "summary": {"covered_lines": 0, "num_statements": 21, "percent_covered": 0.0, "percent_covered_display": "0", "missing_lines": 21, "excluded_lines": 0}, "missing_lines": [397, 398, 399, 400, 402, 403, 404, 405, 406, 407, 409, 412, 416, 417, 418, 422, 423, 425, 426, 428, 430], "excluded_lines": []}, "TraceRegistry.export_traces": {"executed_lines": [], "summary": {"covered_lines": 0, "num_statements": 6, "percent_covered": 0.0, "percent_covered_display": "0", "missing_lines": 6, "excluded_lines": 0}, "missing_lines": [451, 452, 453, 457, 458, 460], "excluded_lines": []}, "TraceRegistry.import_traces": {"executed_lines": [], "summary": {"covered_lines": 0, "num_statements": 16, "percent_covered": 0.0, "percent_covered_display": "0", "missing_lines": 16, "excluded_lines": 0}, "missing_lines": [474, 475, 476, 477, 479, 480, 483, 484, 485, 486, 488, 489, 490, 492, 493, 495], "excluded_lines": []}, "TraceRegistry.cleanup_old_traces": {"executed_lines": [], "summary": {"covered_lines": 0, "num_statements": 7, "percent_covered": 0.0, "percent_covered_display": "0", "missing_lines": 7, "excluded_lines": 0}, "missing_lines": [508, 509, 510, 515, 516, 518, 519], "excluded_lines": []}, "TraceRegistry._save_if_configured": {"executed_lines": [526], "summary": {"covered_lines": 1, "num_statements": 2, "percent_covered": 50.0, "percent_covered_display": "50", "missing_lines": 1, "excluded_lines": 0}, "missing_lines": [527], "excluded_lines": []}, "TraceRegistry.save_traces": {"executed_lines": [], "summary": {"covered_lines": 0, "num_statements": 4, "percent_covered": 0.0, "percent_covered_display": "0", "missing_lines": 4, "excluded_lines": 0}, "missing_lines": [534, 535, 537, 538], "excluded_lines": []}, "TraceRegistry.load_traces": {"executed_lines": [], "summary": {"covered_lines": 0, "num_statements": 3, "percent_covered": 0.0, "percent_covered_display": "0", "missing_lines": 3, "excluded_lines": 0}, "missing_lines": [548, 549, 551], "excluded_lines": []}, "get_global_registry": {"executed_lines": [568, 569, 570], "summary": {"covered_lines": 3, "num_statements": 3, "percent_covered": 100.0, "percent_covered_display": "100", "missing_lines": 0, "excluded_lines": 0}, "missing_lines": [], "excluded_lines": []}, "set_global_registry": {"executed_lines": [], "summary": {"covered_lines": 0, "num_statements": 1, "percent_covered": 0.0, "percent_covered_display": "0", "missing_lines": 1, "excluded_lines": 0}, "missing_lines": [582], "excluded_lines": []}, "": {"executed_lines": [2, 10, 11, 12, 13, 14, 15, 18, 19, 20, 24, 25, 26, 27, 28, 29, 30, 31, 32, 33, 34, 35, 38, 39, 51, 68, 105, 159, 183, 209, 242, 270, 284, 298, 309, 323, 389, 442, 462, 497, 521, 529, 540, 556, 559, 573], "summary": {"covered_lines": 43, "num_statements": 43, "percent_covered": 100.0, "percent_covered_display": "100", "missing_lines": 0, "excluded_lines": 0}, "missing_lines": [], "excluded_lines": []}}, "classes": {"TraceMetadata": {"executed_lines": [], "summary": {"covered_lines": 0, "num_statements": 0, "percent_covered": 100.0, "percent_covered_display": "100", "missing_lines": 0, "excluded_lines": 0}, "missing_lines": [], "excluded_lines": []}, "TraceRegistry": {"executed_lines": [59, 60, 61, 65, 87, 88, 102, 103, 128, 129, 132, 134, 135, 136, 137, 138, 139, 141, 142, 144, 145, 147, 148, 150, 154, 155, 157, 171, 172, 173, 174, 175, 176, 177, 179, 180, 181, 195, 196, 197, 198, 199, 200, 201, 202, 204, 205, 206, 207, 295, 296, 526], "summary": {"covered_lines": 52, "num_statements": 156, "percent_covered": 33.333333333333336, "percent_covered_display": "33", "missing_lines": 104, "excluded_lines": 0}, "missing_lines": [66, 130, 151, 152, 221, 222, 223, 224, 227, 231, 235, 239, 240, 258, 259, 260, 263, 264, 265, 266, 267, 268, 281, 282, 306, 307, 320, 321, 349, 350, 354, 355, 357, 358, 363, 364, 369, 370, 372, 373, 375, 376, 380, 384, 385, 387, 397, 398, 399, 400, 402, 403, 404, 405, 406, 407, 409, 412, 416, 417, 418, 422, 423, 425, 426, 428, 430, 451, 452, 453, 457, 458, 460, 474, 475, 476, 477, 479, 480, 483, 484, 485, 486, 488, 489, 490, 492, 493, 495, 508, 509, 510, 515, 516, 518, 519, 527, 534, 535, 537, 538, 548, 549, 551], "excluded_lines": []}, "": {"executed_lines": [2, 10, 11, 12, 13, 14, 15, 18, 19, 20, 24, 25, 26, 27, 28, 29, 30, 31, 32, 33, 34, 35, 38, 39, 51, 68, 105, 159, 183, 209, 242, 270, 284, 298, 309, 323, 389, 442, 462, 497, 521, 529, 540, 556, 559, 568, 569, 570, 573], "summary": {"covered_lines": 46, "num_statements": 47, "percent_covered": 97.87234042553192, "percent_covered_display": "98", "missing_lines": 1, "excluded_lines": 0}, "missing_lines": [582], "excluded_lines": []}}}, "src\\refinire\\tracing.py": {"executed_lines": [1, 7, 8, 9, 10, 11, 14, 19, 22, 27, 28, 29, 30, 31, 32, 33, 34, 35, 36, 39, 40, 42, 43, 46, 49, 50, 54, 57, 59, 61, 63, 65, 67, 69, 71, 73, 74, 75, 76, 77, 81, 87, 107, 109, 111, 113, 114, 117, 123, 125, 128, 133, 137], "summary": {"covered_lines": 51, "num_statements": 71, "percent_covered": 71.83098591549296, "percent_covered_display": "72", "missing_lines": 20, "excluded_lines": 0}, "missing_lines": [37, 41, 44, 45, 78, 79, 80, 82, 83, 84, 89, 90, 91, 92, 93, 94, 95, 96, 97, 98], "excluded_lines": [], "functions": {"_merge_msgs": {"executed_lines": [19], "summary": {"covered_lines": 1, "num_statements": 1, "percent_covered": 100.0, "percent_covered_display": "100", "missing_lines": 0, "excluded_lines": 0}, "missing_lines": [], "excluded_lines": []}, "extract_output_texts": {"executed_lines": [27, 28, 29, 30, 31, 32, 33, 34, 35, 36, 39, 40, 42, 43, 46], "summary": {"covered_lines": 15, "num_statements": 19, "percent_covered": 78.94736842105263, "percent_covered_display": "79", "missing_lines": 4, "excluded_lines": 0}, "missing_lines": [37, 41, 44, 45], "excluded_lines": []}, "ConsoleTracingProcessor.__init__": {"executed_lines": [57], "summary": {"covered_lines": 1, "num_statements": 1, "percent_covered": 100.0, "percent_covered_display": "100", "missing_lines": 0, "excluded_lines": 0}, "missing_lines": [], "excluded_lines": []}, "ConsoleTracingProcessor.on_trace_start": {"executed_lines": [61], "summary": {"covered_lines": 1, "num_statements": 1, "percent_covered": 100.0, "percent_covered_display": "100", "missing_lines": 0, "excluded_lines": 0}, "missing_lines": [], "excluded_lines": []}, "ConsoleTracingProcessor.on_trace_end": {"executed_lines": [65], "summary": {"covered_lines": 1, "num_statements": 1, "percent_covered": 100.0, "percent_covered_display": "100", "missing_lines": 0, "excluded_lines": 0}, "missing_lines": [], "excluded_lines": []}, "ConsoleTracingProcessor.on_span_start": {"executed_lines": [69], "summary": {"covered_lines": 1, "num_statements": 1, "percent_covered": 100.0, "percent_covered_display": "100", "missing_lines": 0, "excluded_lines": 0}, "missing_lines": [], "excluded_lines": []}, "ConsoleTracingProcessor.on_span_end": {"executed_lines": [73, 74, 75, 76, 77, 81, 87], "summary": {"covered_lines": 7, "num_statements": 23, "percent_covered": 30.434782608695652, "percent_covered_display": "30", "missing_lines": 16, "excluded_lines": 0}, "missing_lines": [78, 79, 80, 82, 83, 84, 89, 90, 91, 92, 93, 94, 95, 96, 97, 98], "excluded_lines": []}, "ConsoleTracingProcessor.shutdown": {"executed_lines": [109], "summary": {"covered_lines": 1, "num_statements": 1, "percent_covered": 100.0, "percent_covered_display": "100", "missing_lines": 0, "excluded_lines": 0}, "missing_lines": [], "excluded_lines": []}, "ConsoleTracingProcessor.force_flush": {"executed_lines": [113, 114], "summary": {"covered_lines": 2, "num_statements": 2, "percent_covered": 100.0, "percent_covered_display": "100", "missing_lines": 0, "excluded_lines": 0}, "missing_lines": [], "excluded_lines": []}, "enable_console_tracing": {"executed_lines": [123, 125], "summary": {"covered_lines": 2, "num_statements": 2, "percent_covered": 100.0, "percent_covered_display": "100", "missing_lines": 0, "excluded_lines": 0}, "missing_lines": [], "excluded_lines": []}, "disable_tracing": {"executed_lines": [133], "summary": {"covered_lines": 1, "num_statements": 1, "percent_covered": 100.0, "percent_covered_display": "100", "missing_lines": 0, "excluded_lines": 0}, "missing_lines": [], "excluded_lines": []}, "": {"executed_lines": [1, 7, 8, 9, 10, 11, 14, 22, 49, 50, 54, 59, 63, 67, 71, 107, 111, 117, 128, 137], "summary": {"covered_lines": 18, "num_statements": 18, "percent_covered": 100.0, "percent_covered_display": "100", "missing_lines": 0, "excluded_lines": 0}, "missing_lines": [], "excluded_lines": []}}, "classes": {"ConsoleTracingProcessor": {"executed_lines": [57, 61, 65, 69, 73, 74, 75, 76, 77, 81, 87, 109, 113, 114], "summary": {"covered_lines": 14, "num_statements": 30, "percent_covered": 46.666666666666664, "percent_covered_display": "47", "missing_lines": 16, "excluded_lines": 0}, "missing_lines": [78, 79, 80, 82, 83, 84, 89, 90, 91, 92, 93, 94, 95, 96, 97, 98], "excluded_lines": []}, "": {"executed_lines": [1, 7, 8, 9, 10, 11, 14, 19, 22, 27, 28, 29, 30, 31, 32, 33, 34, 35, 36, 39, 40, 42, 43, 46, 49, 50, 54, 59, 63, 67, 71, 107, 111, 117, 123, 125, 128, 133, 137], "summary": {"covered_lines": 37, "num_statements": 41, "percent_covered": 90.2439024390244, "percent_covered_display": "90", "missing_lines": 4, "excluded_lines": 0}, "missing_lines": [37, 41, 44, 45], "excluded_lines": []}}}}, "totals": {"covered_lines": 2467, "num_statements": 3336, "percent_covered": 73.95083932853717, "percent_covered_display": "74", "missing_lines": 869, "excluded_lines": 0}}